::1 - - [16/Mar/2020:21:12:57 +0300] "GET /phpmyadmin/themes/pmahomme/img/b_browse.png HTTP/1.1 " 200 486
::1 - - [16/Mar/2020:21:12:57 +0300] "GET /phpmyadmin/themes/pmahomme/img/s_tbl.png HTTP/1.1" 200 645
::1 - - [16/Mar/2020:21:12:57 +0300] "GET /phpmyadmin/themes/pmahomme/img/b_search.png HTTP/1.1" 200 538
::1 - - [16/Mar/2020:21:12:57 +0300] "GET /phpmyadmin/themes/pmahomme/img/b_insrow.png HTTP/1.1" 200 157
::1 - - [16/Mar/2020:21:12:57 +0300] "GET /phpmyadmin/themes/pmahomme/img/b_tblimport.png HTTP/1.1" 200 556
::1 - - [16/Mar/2020:21:12:57 +0300] "GET /phpmyadmin/themes/pmahomme/img/b_tblexport.png HTTP/1.1" 200 514
::1 - - [16/Mar/2020:21:12:57 +0300] "GET /phpmyadmin/themes/pmahomme/img/b_triggers.png HTTP/1.1" 200 446
::1 - - [16/Mar/2020:21:12:57 +0300] "GET /phpmyadmin/themes/pmahomme/img/s_success.png HTTP/1.1" 200 465
::1 - - [16/Mar/2020:21:12:57 +0300] "GET /phpmyadmin/themes/pmahomme/img/b_edit.png HTTP/1.1" 200 377
::1 - - [16/Mar/2020:21:12:57 +0300] "GET /phpmyadmin/themes/pmahomme/img/b_drop.png HTTP/1.1" 200 637
::1 - - [16/Mar/2020:21:12:57 +0300] "GET /phpmyadmin/themes/pmahomme/img/b_print.png HTTP/1.1" 200 639
::1 - - [16/Mar/2020:21:12:57 +0300] "GET /phpmyadmin/themes/pmahomme/img/b_chart.png HTTP/1.1" 200 449
::1 - - [16/Mar/2020:21:12:57 +0300] "GET /phpmyadmin/themes/pmahomme/img/b_view_add.png HTTP/1.1" 200 678
::1 - - [16/Mar/2020:21:12:57 +0300] "GET /phpmyadmin/js/tbl_change.js?v=4.9.2 HTTP/1.1" 200 28561
::1 - - [16/Mar/2020:21:12:57 +0300] "GET /phpmyadmin/js/vendor/jquery/jquery.uitablefilter.js?v=4.9.2 HTTP/1.1" 200 3479
::1 - - [16/Mar/2020:21:12:57 +0300] "GET /phpmyadmin/themes/pmahomme/img/s_fulltext.png HTTP/1.1" 200 176
::1 - - [16/Mar/2020:21:12:57 +0300] "GET /phpmyadmin/themes/pmahomme/img/arrow_ltr.png HTTP/1.1" 200 101
::1 - - [16/Mar/2020:21:12:57 +0300] "GET /phpmyadmin/js/makegrid.js?v=4.9.2 HTTP/1.1" 200 98729
::1 - - [16/Mar/2020:21:12:57 +0300] "GET /phpmyadmin/js/gis_data_editor.js?v=4.9.2 HTTP/1.1" 200 14771
::1 - - [16/Mar/2020:21:12:57 +0300] "GET /phpmyadmin/index.php?ajax_request=1&recent_table=1&no_debug=true&_nocache=1584382377902765326&token=31782131555e75297d64762224243371 HTTP/1.1" 200 1671
::1 - - [16/Mar/2020:21:12:57 +0300] "GET /phpmyadmin/js/multi_column_sort.js?v=4.9.2 HTTP/1.1" 200 3285
::1 - - [16/Mar/2020:21:12:57 +0300] "GET /phpmyadmin/js/sql.js?v=4.9.2 HTTP/1.1" 200 38664
::1 - - [16/Mar/2020:21:12:58 +0300] "GET /phpmyadmin/themes/pmahomme/img/col_pointer.png HTTP/1.1" 200 102
::1 - - [16/Mar/2020:21:12:58 +0300] "GET /phpmyadmin/themes/pmahomme/img/col_drop.png HTTP/1.1" 200 111
::1 - - [16/Mar/2020:21:12:59 +0300] "GET /phpmyadmin/sql.php?server=1&db=treasurehunt&table=questions&pos=0&ajax_request=true&ajax_page_request=true&_nocache=1584382379465426383&token=31782131555e75297d64762224243371 HTTP/1.1" 200 7847
::1 - - [16/Mar/2020:21:12:59 +0300] "GET /phpmyadmin/index.php?ajax_request=1&recent_table=1&no_debug=true&_nocache=1584382379898789049&token=31782131555e75297d64762224243371 HTTP/1.1" 200 1671
::1 - - [16/Mar/2020:21:13:04 +0300] "GET /phpmyadmin/tbl_structure.php?db=treasurehunt&table=questions&ajax_request=true&ajax_page_request=true&_nocache=1584382384141944681&token=31782131555e75297d64762224243371 HTTP/1.1" 200 9387
::1 - - [16/Mar/2020:21:13:05 +0300] "GET /phpmyadmin/themes/pmahomme/img/b_primary.png HTTP/1.1" 200 536
::1 - - [16/Mar/2020:21:13:05 +0300] "GET /phpmyadmin/themes/pmahomme/img/b_unique.png HTTP/1.1" 200 583
::1 - - [16/Mar/2020:21:13:05 +0300] "GET /phpmyadmin/themes/pmahomme/img/b_index.png HTTP/1.1" 200 643
::1 - - [16/Mar/2020:21:13:05 +0300] "GET /phpmyadmin/themes/pmahomme/img/b_ftext.png HTTP/1.1" 200 550
::1 - - [16/Mar/2020:21:13:05 +0300] "GET /phpmyadmin/themes/pmahomme/img/normalize.png HTTP/1.1" 200 505
::1 - - [16/Mar/2020:21:13:05 +0300] "GET /phpmyadmin/themes/pmahomme/img/b_move.png HTTP/1.1" 200 381
::1 - - [16/Mar/2020:21:13:05 +0300] "GET /phpmyadmin/themes/pmahomme/img/b_tblanalyse.png HTTP/1.1" 200 152
::1 - - [16/Mar/2020:21:13:05 +0300] "GET /phpmyadmin/themes/pmahomme/img/s_notice.png HTTP/1.1" 200 567
::1 - - [16/Mar/2020:21:13:05 +0300] "GET /phpmyadmin/themes/pmahomme/img/b_tbloptimize.png HTTP/1.1" 200 153
::1 - - [16/Mar/2020:21:13:05 +0300] "GET /phpmyadmin/js/tbl_structure.js?v=4.9.2 HTTP/1.1" 200 19880
::1 - - [16/Mar/2020:21:13:05 +0300] "GET /phpmyadmin/index.php?ajax_request=1&recent_table=1&no_debug=true&_nocache=1584382385539716655&token=31782131555e75297d64762224243371 HTTP/1.1" 200 1671
::1 - - [16/Mar/2020:21:13:14 +0300] "POST /phpmyadmin/tbl_addfield.php HTTP/1.1" 200 10937
::1 - - [16/Mar/2020:21:13:15 +0300] "GET /phpmyadmin/index.php?ajax_request=1&recent_table=1&no_debug=true&_nocache=1584382395402367830&token=31782131555e75297d64762224243371 HTTP/1.1" 200 1671
::1 - - [16/Mar/2020:21:13:18 +0300] "GET /phpmyadmin/themes/pmahomme/img/s_lock.png HTTP/1.1" 200 667
::1 - - [16/Mar/2020:21:13:31 +0300] "POST /phpmyadmin/tbl_addfield.php HTTP/1.1" 200 1771
::1 - - [16/Mar/2020:21:13:32 +0300] "GET /phpmyadmin/themes/pmahomme/jquery/images/ui-icons_222222_256x240.png HTTP/1.1" 200 3765
::1 - - [16/Mar/2020:21:13:32 +0300] "GET /phpmyadmin/themes/pmahomme/jquery/images/ui-bg_highlight-soft_75_cccccc_1x100.png HTTP/1.1" 200 122
::1 - - [16/Mar/2020:21:13:32 +0300] "GET /phpmyadmin/themes/pmahomme/jquery/images/ui-icons_888888_256x240.png HTTP/1.1" 200 3765
::1 - - [16/Mar/2020:21:13:32 +0300] "GET /phpmyadmin/themes/pmahomme/jquery/images/ui-bg_glass_75_e6e6e6_1x400.png HTTP/1.1" 200 121
::1 - - [16/Mar/2020:21:13:32 +0300] "GET /phpmyadmin/themes/pmahomme/jquery/images/ui-bg_glass_75_dadada_1x400.png HTTP/1.1" 200 126
::1 - - [16/Mar/2020:21:13:35 +0300] "GET /phpmyadmin/themes/pmahomme/jquery/images/ui-icons_454545_256x240.png HTTP/1.1" 200 3765
::1 - - [16/Mar/2020:21:13:36 +0300] "GET /phpmyadmin/themes/pmahomme/jquery/images/ui-bg_glass_65_ffffff_1x400.png HTTP/1.1" 200 73
::1 - - [16/Mar/2020:21:13:38 +0300] "POST /phpmyadmin/tbl_addfield.php HTTP/1.1" 200 1766
::1 - - [16/Mar/2020:21:14:48 +0300] "GET / HTTP/1.1" 200 5528
::1 - - [16/Mar/2020:21:14:50 +0300] "GET /phpmyadmin/ HTTP/1.1" 200 16083
::1 - - [16/Mar/2020:21:14:50 +0300] "GET /phpmyadmin/phpmyadmin.css.php?nocache=6272952994ltr&server=1 HTTP/1.1" 200 20802
::1 - - [16/Mar/2020:21:14:51 +0300] "POST /phpmyadmin/ajax.php HTTP/1.1" 200 1607
::1 - - [16/Mar/2020:21:14:51 +0300] "POST /phpmyadmin/navigation.php?ajax_request=1 HTTP/1.1" 200 2447
::1 - - [16/Mar/2020:21:14:52 +0300] "POST /phpmyadmin/ajax.php HTTP/1.1" 200 1704
::1 - - [16/Mar/2020:21:14:52 +0300] "POST /phpmyadmin/ajax.php HTTP/1.1" 200 1598
::1 - - [16/Mar/2020:21:14:52 +0300] "POST /phpmyadmin/version_check.php HTTP/1.1" 200 28
::1 - - [16/Mar/2020:21:14:53 +0300] "GET /phpmyadmin/db_structure.php?server=1&db=treasurehunt&ajax_request=true&ajax_page_request=true&_nocache=158438249319753065&token=31782131555e75297d64762224243371 HTTP/1.1" 200 6573
::1 - - [16/Mar/2020:21:14:56 +0300] "GET /phpmyadmin/db_structure.php?server=1&db=treasurehunt&ajax_request=true&ajax_page_request=true&_nocache=1584382496066441650&token=31782131555e75297d64762224243371 HTTP/1.1" 200 6573
::1 - - [16/Mar/2020:21:15:05 +0300] "GET /phpmyadmin/themes/pmahomme/img/b_events.png HTTP/1.1" 200 703
::1 - - [16/Mar/2020:21:15:05 +0300] "GET /phpmyadmin/themes/pmahomme/img/b_routines.png HTTP/1.1" 200 306
::1 - - [16/Mar/2020:21:15:05 +0300] "GET /phpmyadmin/themes/pmahomme/img/b_relations.png HTTP/1.1" 200 140
::1 - - [16/Mar/2020:21:15:05 +0300] "GET /phpmyadmin/themes/pmahomme/img/s_asc.png HTTP/1.1" 200 146
::1 - - [16/Mar/2020:21:15:05 +0300] "GET /phpmyadmin/themes/pmahomme/img/s_desc.png HTTP/1.1" 200 146
::1 - - [16/Mar/2020:21:15:05 +0300] "GET /phpmyadmin/themes/pmahomme/img/b_no_favorite.png HTTP/1.1" 200 377
::1 - - [16/Mar/2020:21:14:58 +0300] "GET /phpmyadmin/navigation.php?ajax_request=1&aPath=cm9vdA%3D%3D.dHJlYXN1cmVodW50&vPath=cm9vdA%3D%3D.dHJlYXN1cmVodW50&pos=0&pos2_name=&pos2_value=&searchClause=&searchClause2=&_nocache=1584382498247387819&token=31782131555e75297d64762224243371 HTTP/1.1" 200 2131
::1 - - [16/Mar/2020:21:15:05 +0300] "GET /phpmyadmin/themes/pmahomme/img/b_empty.png HTTP/1.1" 200 521
::1 - - [16/Mar/2020:21:15:05 +0300] "GET /phpmyadmin/themes/pmahomme/img/b_select.png HTTP/1.1" 200 593
::1 - - [16/Mar/2020:21:15:05 +0300] "GET /phpmyadmin/js/db_structure.js?v=4.9.2 HTTP/1.1" 200 15803
::1 - - [16/Mar/2020:21:15:05 +0300] "GET /phpmyadmin/navigation.php?ajax_request=1&aPath=cm9vdA%3D%3D.dHJlYXN1cmVodW50&vPath=cm9vdA%3D%3D.dHJlYXN1cmVodW50&pos=0&pos2_name=&pos2_value=&searchClause=&searchClause2=&_nocache=1584382505542689701&token=31782131555e75297d64762224243371 HTTP/1.1" 200 2131
::1 - - [16/Mar/2020:21:15:10 +0300] "GET /phpmyadmin/db_structure.php?db=treasurehunt&ajax_request=true&ajax_page_request=true&_nocache=1584382510833282961&token=31782131555e75297d64762224243371 HTTP/1.1" 200 6573
::1 - - [16/Mar/2020:21:15:14 +0300] "GET /phpmyadmin/sql.php?server=1&db=treasurehunt&table=questions&pos=0&ajax_request=true&ajax_page_request=true&_nocache=158438251454091360&token=31782131555e75297d64762224243371 HTTP/1.1" 200 7843
::1 - - [16/Mar/2020:21:15:15 +0300] "GET /phpmyadmin/index.php?ajax_request=1&recent_table=1&no_debug=true&_nocache=1584382515128382488&token=31782131555e75297d64762224243371 HTTP/1.1" 200 1671
::1 - - [16/Mar/2020:21:15:16 +0300] "GET /phpmyadmin/tbl_structure.php?db=treasurehunt&table=questions&ajax_request=true&ajax_page_request=true&_nocache=1584382516941196329&token=31782131555e75297d64762224243371 HTTP/1.1" 200 9388
::1 - - [16/Mar/2020:21:15:17 +0300] "GET /phpmyadmin/index.php?ajax_request=1&recent_table=1&no_debug=true&_nocache=1584382517539942528&token=31782131555e75297d64762224243371 HTTP/1.1" 200 1671
::1 - - [16/Mar/2020:21:15:22 +0300] "POST /phpmyadmin/tbl_addfield.php HTTP/1.1" 200 10937
::1 - - [16/Mar/2020:21:15:22 +0300] "GET /phpmyadmin/index.php?ajax_request=1&recent_table=1&no_debug=true&_nocache=1584382522775837672&token=31782131555e75297d64762224243371 HTTP/1.1" 200 1671
::1 - - [16/Mar/2020:21:15:34 +0300] "POST /phpmyadmin/tbl_addfield.php HTTP/1.1" 200 1766
::1 - - [22/May/2020:22:16:11 +0300] "GET / HTTP/1.1" 200 5528
::1 - - [22/May/2020:22:16:11 +0300] "GET /wampthemes/classic/style.css HTTP/1.1" 200 2584
::1 - - [22/May/2020:22:16:11 +0300] "GET /wampthemes/classic/img/gifLogo.gif HTTP/1.1" 200 3525
::1 - - [22/May/2020:22:16:11 +0300] "GET /wampthemes/classic/img/pngPlugin.png HTTP/1.1" 200 140
::1 - - [22/May/2020:22:16:11 +0300] "GET /wampthemes/classic/img/pngWrench.png HTTP/1.1" 200 741
::1 - - [22/May/2020:22:16:11 +0300] "GET /wampthemes/classic/img/pngFolderGo.png HTTP/1.1" 200 694
::1 - - [22/May/2020:22:16:11 +0300] "GET /favicon.ico HTTP/1.1" 200 202575
::1 - - [22/May/2020:22:16:13 +0300] "GET /phpmyadmin/ HTTP/1.1" 200 3773
::1 - - [22/May/2020:22:16:14 +0300] "GET /phpmyadmin/themes/pmahomme/jquery/jquery-ui.css HTTP/1.1" 200 36566
::1 - - [22/May/2020:22:16:14 +0300] "GET /phpmyadmin/js/vendor/codemirror/addon/lint/lint.css?v=4.9.2 HTTP/1.1" 200 2999
::1 - - [22/May/2020:22:16:14 +0300] "GET /phpmyadmin/js/vendor/codemirror/addon/hint/show-hint.css?v=4.9.2 HTTP/1.1" 200 623
::1 - - [22/May/2020:22:16:14 +0300] "GET /phpmyadmin/js/vendor/codemirror/lib/codemirror.css?v=4.9.2 HTTP/1.1" 200 8705
::1 - - [22/May/2020:22:16:14 +0300] "GET /phpmyadmin/js/vendor/sprintf.js?v=4.9.2 HTTP/1.1" 200 7387
::1 - - [22/May/2020:22:16:14 +0300] "GET /phpmyadmin/js/vendor/jquery/jquery-migrate.js?v=4.9.2 HTTP/1.1" 200 19092
::1 - - [22/May/2020:22:16:14 +0300] "GET /phpmyadmin/js/vendor/jquery/jquery.min.js?v=4.9.2 HTTP/1.1" 200 88145
::1 - - [22/May/2020:22:16:14 +0300] "GET /phpmyadmin/js/keyhandler.js?v=4.9.2 HTTP/1.1" 200 3333
::1 - - [22/May/2020:22:16:14 +0300] "GET /phpmyadmin/js/ajax.js?v=4.9.2 HTTP/1.1" 200 31246
::1 - - [22/May/2020:22:16:14 +0300] "GET /phpmyadmin/js/vendor/js.cookie.js?v=4.9.2 HTTP/1.1" 200 3883
::1 - - [22/May/2020:22:16:14 +0300] "GET /phpmyadmin/js/vendor/jquery/jquery.mousewheel.js?v=4.9.2 HTTP/1.1" 200 8267
::1 - - [22/May/2020:22:16:14 +0300] "GET /phpmyadmin/js/vendor/jquery/jquery.event.drag-2.2.js?v=4.9.2 HTTP/1.1" 200 12826
::1 - - [22/May/2020:22:16:14 +0300] "GET /phpmyadmin/js/vendor/jquery/jquery.ba-hashchange-1.3.js?v=4.9.2 HTTP/1.1" 200 16522
::1 - - [22/May/2020:22:16:14 +0300] "GET /phpmyadmin/js/vendor/jquery/jquery-ui-timepicker-addon.js?v=4.9.2 HTTP/1.1" 200 78475
::1 - - [22/May/2020:22:16:14 +0300] "GET /phpmyadmin/js/vendor/jquery/jquery.validate.js?v=4.9.2 HTTP/1.1" 200 50690
::1 - - [22/May/2020:22:16:14 +0300] "GET /phpmyadmin/js/vendor/jquery/jquery-ui.min.js?v=4.9.2 HTTP/1.1" 200 253681
::1 - - [22/May/2020:22:16:14 +0300] "GET /phpmyadmin/js/vendor/jquery/jquery.debounce-1.0.5.js?v=4.9.2 HTTP/1.1" 200 1169
::1 - - [22/May/2020:22:16:14 +0300] "GET /phpmyadmin/js/menu-resizer.js?v=4.9.2 HTTP/1.1" 200 8318
::1 - - [22/May/2020:22:16:14 +0300] "GET /phpmyadmin/js/cross_framing_protection.js?v=4.9.2 HTTP/1.1" 200 471
::1 - - [22/May/2020:22:16:14 +0300] "GET /phpmyadmin/js/error_report.js?v=4.9.2 HTTP/1.1" 200 10837
::1 - - [22/May/2020:22:16:14 +0300] "GET /phpmyadmin/js/vendor/tracekit.js?v=4.9.2 HTTP/1.1" 200 45389
::1 - - [22/May/2020:22:16:14 +0300] "GET /phpmyadmin/js/rte.js?v=4.9.2 HTTP/1.1" 200 47688
::1 - - [22/May/2020:22:16:14 +0300] "GET /phpmyadmin/js/doclinks.js?v=4.9.2 HTTP/1.1" 200 20643
::1 - - [22/May/2020:22:16:14 +0300] "GET /phpmyadmin/js/config.js?v=4.9.2 HTTP/1.1" 200 27526
::1 - - [22/May/2020:22:16:14 +0300] "GET /phpmyadmin/js/functions.js?v=4.9.2 HTTP/1.1" 200 175193
::1 - - [22/May/2020:22:16:14 +0300] "GET /phpmyadmin/js/indexes.js?v=4.9.2 HTTP/1.1" 200 27654
::1 - - [22/May/2020:22:16:14 +0300] "GET /phpmyadmin/js/common.js?v=4.9.2 HTTP/1.1" 200 19196
::1 - - [22/May/2020:22:16:14 +0300] "GET /phpmyadmin/js/navigation.js?v=4.9.2 HTTP/1.1" 200 60612
::1 - - [22/May/2020:22:16:14 +0300] "GET /phpmyadmin/js/page_settings.js?v=4.9.2 HTTP/1.1" 200 1749
::1 - - [22/May/2020:22:16:14 +0300] "GET /phpmyadmin/js/shortcuts_handler.js?v=4.9.2 HTTP/1.1" 200 3264
::1 - - [22/May/2020:22:16:14 +0300] "GET /phpmyadmin/js/vendor/codemirror/addon/runmode/runmode.js?v=4.9.2 HTTP/1.1" 200 2500
::1 - - [22/May/2020:22:16:14 +0300] "GET /phpmyadmin/js/messages.php?l=ru&v=4.9.2&lang=ru HTTP/1.1" 200 11697
::1 - - [22/May/2020:22:16:14 +0300] "GET /phpmyadmin/js/vendor/codemirror/addon/hint/show-hint.js?v=4.9.2 HTTP/1.1" 200 17378
::1 - - [22/May/2020:22:16:14 +0300] "GET /phpmyadmin/js/vendor/codemirror/mode/sql/sql.js?v=4.9.2 HTTP/1.1" 200 47451
::1 - - [22/May/2020:22:16:14 +0300] "GET /phpmyadmin/js/vendor/codemirror/addon/hint/sql-hint.js?v=4.9.2 HTTP/1.1" 200 9599
::1 - - [22/May/2020:22:16:14 +0300] "GET /phpmyadmin/js/vendor/codemirror/lib/codemirror.js?v=4.9.2 HTTP/1.1" 200 395660
::1 - - [22/May/2020:22:16:14 +0300] "GET /phpmyadmin/js/vendor/codemirror/addon/lint/lint.js?v=4.9.2 HTTP/1.1" 200 8610
::1 - - [22/May/2020:22:16:14 +0300] "GET /phpmyadmin/js/codemirror/addon/lint/sql-lint.js?v=4.9.2 HTTP/1.1" 200 1048
::1 - - [22/May/2020:22:16:14 +0300] "GET /phpmyadmin/js/console.js?v=4.9.2 HTTP/1.1" 200 57280
::1 - - [22/May/2020:22:16:14 +0300] "GET /phpmyadmin/phpmyadmin.css.php?nocache=4688570625ltr&server=1 HTTP/1.1" 200 20802
::1 - - [22/May/2020:22:16:14 +0300] "GET /phpmyadmin/themes/pmahomme/img/logo_right.png HTTP/1.1" 200 4306
::1 - - [22/May/2020:22:16:14 +0300] "GET /phpmyadmin/themes/dot.gif HTTP/1.1" 200 43
::1 - - [22/May/2020:22:16:14 +0300] "GET /phpmyadmin/themes/pmahomme/css/printview.css?v=4.9.2 HTTP/1.1" 200 2746
::1 - - [22/May/2020:22:16:14 +0300] "GET /phpmyadmin/js/whitelist.php?v=4.9.2&lang=ru HTTP/1.1" 200 491
::1 - - [22/May/2020:22:16:14 +0300] "GET /phpmyadmin/themes/pmahomme/img/b_help.png HTTP/1.1" 200 705
::1 - - [22/May/2020:22:16:14 +0300] "GET /phpmyadmin/favicon.ico HTTP/1.1" 200 22486
::1 - - [22/May/2020:22:16:17 +0300] "POST /phpmyadmin/index.php HTTP/1.1" 302 20
::1 - - [22/May/2020:22:16:17 +0300] "GET /phpmyadmin/index.php HTTP/1.1" 200 16051
::1 - - [22/May/2020:22:16:18 +0300] "GET /phpmyadmin/js/messages.php?l=ru&v=4.9.2 HTTP/1.1" 200 11697
::1 - - [22/May/2020:22:16:18 +0300] "GET /phpmyadmin/phpmyadmin.css.php?nocache=6278745602ltr&server=1 HTTP/1.1" 200 20802
::1 - - [22/May/2020:22:16:18 +0300] "GET /phpmyadmin/themes/pmahomme/img/logo_left.png HTTP/1.1" 200 2713
::1 - - [22/May/2020:22:16:18 +0300] "GET /phpmyadmin/js/whitelist.php?v=4.9.2 HTTP/1.1" 200 491
::1 - - [22/May/2020:22:16:18 +0300] "GET /phpmyadmin/themes/pmahomme/img/left_nav_bg.png HTTP/1.1" 200 146
::1 - - [22/May/2020:22:16:18 +0300] "GET /phpmyadmin/themes/pmahomme/img/b_docs.png HTTP/1.1" 200 705
::1 - - [22/May/2020:22:16:18 +0300] "GET /phpmyadmin/themes/pmahomme/img/b_sqlhelp.png HTTP/1.1" 200 512
::1 - - [22/May/2020:22:16:18 +0300] "GET /phpmyadmin/themes/pmahomme/img/b_home.png HTTP/1.1" 200 734
::1 - - [22/May/2020:22:16:18 +0300] "GET /phpmyadmin/themes/pmahomme/img/s_loggoff.png HTTP/1.1" 200 626
::1 - - [22/May/2020:22:16:18 +0300] "GET /phpmyadmin/themes/pmahomme/img/s_cog.png HTTP/1.1" 200 442
::1 - - [22/May/2020:22:16:18 +0300] "GET /phpmyadmin/themes/pmahomme/img/s_reload.png HTTP/1.1" 200 527
::1 - - [22/May/2020:22:16:18 +0300] "GET /phpmyadmin/themes/pmahomme/img/s_db.png HTTP/1.1" 200 328
::1 - - [22/May/2020:22:16:18 +0300] "GET /phpmyadmin/themes/pmahomme/img/s_link.png HTTP/1.1" 200 280
::1 - - [22/May/2020:22:16:18 +0300] "GET /phpmyadmin/themes/pmahomme/img/b_plus.png HTTP/1.1" 200 143
::1 - - [22/May/2020:22:16:18 +0300] "GET /phpmyadmin/themes/pmahomme/img/b_newdb.png HTTP/1.1" 200 585
::1 - - [22/May/2020:22:16:18 +0300] "GET /phpmyadmin/themes/pmahomme/img/ajax_clock_small.gif HTTP/1.1" 200 1810
::1 - - [22/May/2020:22:16:18 +0300] "GET /phpmyadmin/themes/pmahomme/img/b_sql.png HTTP/1.1" 200 680
::1 - - [22/May/2020:22:16:18 +0300] "GET /phpmyadmin/themes/pmahomme/img/b_import.png HTTP/1.1" 200 556
::1 - - [22/May/2020:22:16:18 +0300] "GET /phpmyadmin/themes/pmahomme/img/s_host.png HTTP/1.1" 200 591
::1 - - [22/May/2020:22:16:18 +0300] "GET /phpmyadmin/themes/pmahomme/img/s_status.png HTTP/1.1" 200 600
::1 - - [22/May/2020:22:16:18 +0300] "GET /phpmyadmin/themes/pmahomme/img/b_export.png HTTP/1.1" 200 514
::1 - - [22/May/2020:22:16:18 +0300] "GET /phpmyadmin/themes/pmahomme/img/s_rights.png HTTP/1.1" 200 461
::1 - - [22/May/2020:22:16:18 +0300] "GET /phpmyadmin/themes/pmahomme/img/s_vars.png HTTP/1.1" 200 523
::1 - - [22/May/2020:22:16:18 +0300] "GET /phpmyadmin/themes/pmahomme/img/b_engine.png HTTP/1.1" 200 398
::1 - - [22/May/2020:22:16:18 +0300] "GET /phpmyadmin/themes/pmahomme/img/b_plugin.png HTTP/1.1" 200 512
::1 - - [22/May/2020:22:16:18 +0300] "GET /phpmyadmin/themes/pmahomme/img/b_tblops.png HTTP/1.1" 200 537
::1 - - [22/May/2020:22:16:18 +0300] "GET /phpmyadmin/themes/pmahomme/img/s_asci.png HTTP/1.1" 200 148
::1 - - [22/May/2020:22:16:18 +0300] "GET /phpmyadmin/themes/pmahomme/img/s_replication.png HTTP/1.1" 200 399
::1 - - [22/May/2020:22:16:18 +0300] "GET /phpmyadmin/themes/pmahomme/img/s_top.png HTTP/1.1" 200 220
::1 - - [22/May/2020:22:16:18 +0300] "GET /phpmyadmin/themes/pmahomme/img/console.png HTTP/1.1" 200 292
::1 - - [22/May/2020:22:16:18 +0300] "GET /phpmyadmin/themes/pmahomme/img/s_theme.png HTTP/1.1" 200 772
::1 - - [22/May/2020:22:16:18 +0300] "GET /phpmyadmin/themes/pmahomme/img/s_passwd.png HTTP/1.1" 200 331
::1 - - [22/May/2020:22:16:18 +0300] "GET /phpmyadmin/themes/pmahomme/img/window-new.png HTTP/1.1" 200 468
::1 - - [22/May/2020:22:16:18 +0300] "GET /phpmyadmin/themes/pmahomme/img/s_lang.png HTTP/1.1" 200 659
::1 - - [22/May/2020:22:16:18 +0300] "POST /phpmyadmin/ajax.php HTTP/1.1" 200 1606
::1 - - [22/May/2020:22:16:18 +0300] "GET /phpmyadmin/themes/pmahomme/img/b_more.png HTTP/1.1" 200 111
::1 - - [22/May/2020:22:16:18 +0300] "POST /phpmyadmin/navigation.php?ajax_request=1 HTTP/1.1" 200 2408
::1 - - [22/May/2020:22:16:18 +0300] "POST /phpmyadmin/ajax.php HTTP/1.1" 200 1700
::1 - - [22/May/2020:22:16:18 +0300] "POST /phpmyadmin/ajax.php HTTP/1.1" 200 1596
::1 - - [22/May/2020:22:16:18 +0300] "POST /phpmyadmin/version_check.php HTTP/1.1" 200 28
::1 - - [22/May/2020:22:16:21 +0300] "GET /phpmyadmin/navigation.php?ajax_request=1&aPath=cm9vdA%3D%3D.dGVzdA%3D%3D&vPath=cm9vdA%3D%3D.dGVzdA%3D%3D&pos=0&pos2_name=&pos2_value=&searchClause=&searchClause2=&_nocache=1590174981428662290&token=6e3d2b7b272429567d7f396e413e4a6b HTTP/1.1" 200 1617
::1 - - [22/May/2020:22:16:21 +0300] "GET /phpmyadmin/themes/pmahomme/img/b_minus.png HTTP/1.1" 200 123
::1 - - [22/May/2020:22:16:22 +0300] "GET /phpmyadmin/navigation.php?ajax_request=1&aPath=cm9vdA%3D%3D.dHJlYXN1cmVodW50&vPath=cm9vdA%3D%3D.dHJlYXN1cmVodW50&pos=0&pos2_name=&pos2_value=&searchClause=&searchClause2=&_nocache=1590174982327669072&token=6e3d2b7b272429567d7f396e413e4a6b HTTP/1.1" 200 2129
::1 - - [22/May/2020:22:16:22 +0300] "GET /phpmyadmin/themes/pmahomme/img/b_table_add.png HTTP/1.1" 200 571
::1 - - [22/May/2020:22:16:22 +0300] "GET /phpmyadmin/themes/pmahomme/img/b_props.png HTTP/1.1" 200 573
::1 - - [22/May/2020:22:19:57 +0300] "GET /phpmyadmin/server_databases.php?server=1&ajax_request=true&ajax_page_request=true&_nocache=1590175197849418076&token=6e3d2b7b272429567d7f396e413e4a6b HTTP/1.1" 200 8384
::1 - - [22/May/2020:22:19:58 +0300] "GET /phpmyadmin/themes/pmahomme/img/s_asc.png HTTP/1.1" 200 146
::1 - - [22/May/2020:22:19:58 +0300] "GET /phpmyadmin/themes/pmahomme/img/b_deltbl.png HTTP/1.1" 200 577
::1 - - [22/May/2020:22:19:58 +0300] "GET /phpmyadmin/themes/pmahomme/img/s_notice.png HTTP/1.1" 200 567
::1 - - [22/May/2020:22:19:58 +0300] "GET /phpmyadmin/themes/pmahomme/img/arrow_ltr.png HTTP/1.1" 200 101
::1 - - [22/May/2020:22:19:58 +0300] "GET /phpmyadmin/js/server_databases.js?v=4.9.2 HTTP/1.1" 200 5692
::1 - - [22/May/2020:22:20:37 +0300] "POST /phpmyadmin/server_databases.php HTTP/1.1" 200 2031
::1 - - [22/May/2020:22:20:37 +0300] "GET /phpmyadmin/themes/pmahomme/img/s_success.png HTTP/1.1" 200 465
::1 - - [22/May/2020:22:20:37 +0300] "POST /phpmyadmin/navigation.php?ajax_request=1 HTTP/1.1" 200 2458
::1 - - [22/May/2020:22:20:37 +0300] "GET /phpmyadmin/db_structure.php?db=trinity&ajax_request=true&ajax_page_request=true&_nocache=1590175237691617880&token=6e3d2b7b272429567d7f396e413e4a6b HTTP/1.1" 200 3265
::1 - - [22/May/2020:22:20:37 +0300] "GET /phpmyadmin/themes/pmahomme/img/b_routines.png HTTP/1.1" 200 306
::1 - - [22/May/2020:22:20:37 +0300] "GET /phpmyadmin/themes/pmahomme/img/b_search.png HTTP/1.1" 200 538
::1 - - [22/May/2020:22:20:37 +0300] "GET /phpmyadmin/themes/pmahomme/img/b_triggers.png HTTP/1.1" 200 446
::1 - - [22/May/2020:22:20:37 +0300] "GET /phpmyadmin/themes/pmahomme/img/b_relations.png HTTP/1.1" 200 140
::1 - - [22/May/2020:22:20:37 +0300] "GET /phpmyadmin/themes/pmahomme/img/b_events.png HTTP/1.1" 200 703
::1 - - [22/May/2020:22:20:37 +0300] "GET /phpmyadmin/js/db_structure.js?v=4.9.2 HTTP/1.1" 200 15803
::1 - - [22/May/2020:22:20:37 +0300] "GET /phpmyadmin/js/tbl_change.js?v=4.9.2 HTTP/1.1" 200 28561
::1 - - [22/May/2020:22:20:37 +0300] "GET /phpmyadmin/navigation.php?ajax_request=1&aPath=cm9vdA%3D%3D.dHJpbml0eQ%3D%3D&vPath=cm9vdA%3D%3D.dHJpbml0eQ%3D%3D&pos=0&pos2_name=&pos2_value=&searchClause=&searchClause2=&_nocache=1590175237886593972&token=6e3d2b7b272429567d7f396e413e4a6b HTTP/1.1" 200 1617
::1 - - [22/May/2020:22:21:49 +0300] "GET /phpmyadmin/db_import.php?db=trinity&ajax_request=true&ajax_page_request=true&_nocache=1590175309624646161&token=6e3d2b7b272429567d7f396e413e4a6b HTTP/1.1" 200 8171
::1 - - [22/May/2020:22:21:50 +0300] "GET /phpmyadmin/js/import.js?v=4.9.2 HTTP/1.1" 200 5640
::1 - - [22/May/2020:22:21:54 +0300] "GET /phpmyadmin/themes/pmahomme/img/s_error.png HTTP/1.1" 200 614
::1 - - [22/May/2020:22:22:07 +0300] "POST /phpmyadmin/import.php HTTP/1.1" 200 8799
::1 - - [22/May/2020:22:22:07 +0300] "GET /phpmyadmin/phpmyadmin.css.php?nocache=6278745603ltr&server=1 HTTP/1.1" 200 20802
::1 - - [22/May/2020:22:22:08 +0300] "POST /phpmyadmin/ajax.php HTTP/1.1" 200 1606
::1 - - [22/May/2020:22:22:08 +0300] "POST /phpmyadmin/navigation.php?ajax_request=1 HTTP/1.1" 200 3281
::1 - - [22/May/2020:22:22:08 +0300] "POST /phpmyadmin/ajax.php HTTP/1.1" 200 1703
::1 - - [22/May/2020:22:22:08 +0300] "POST /phpmyadmin/ajax.php HTTP/1.1" 200 1596
127.0.0.1 - - [23/May/2020:18:18:15 +0300] "GET /filestreamingservice/files/ab88b198-af0e-4ecf-8d35-db6427cc3848/pieceshash HTTP/1.1" 404 300
127.0.0.1 - - [23/May/2020:18:18:15 +0300] "GET /filestreamingservice/files/ab88b198-af0e-4ecf-8d35-db6427cc3848?P1=1590264352&P2=402&P3=2&P4=aMtT8VeWS9DXFvXFnZ2F5xuDNynOuOOJ1fu%2fkUk20enpbVmjgxIb9HiGMQcxCB1IkQilgKPpDezqwgZM2w44JA%3d%3d HTTP/1.1" 404 304
::1 - - [26/May/2020:18:03:33 +0300] "GET / HTTP/1.1" 200 5528
::1 - - [26/May/2020:18:03:33 +0300] "GET /wampthemes/classic/style.css HTTP/1.1" 200 2584
::1 - - [26/May/2020:18:03:34 +0300] "GET /wampthemes/classic/img/pngPlugin.png HTTP/1.1" 200 140
::1 - - [26/May/2020:18:03:34 +0300] "GET /wampthemes/classic/img/gifLogo.gif HTTP/1.1" 200 3525
::1 - - [26/May/2020:18:03:34 +0300] "GET /wampthemes/classic/img/pngWrench.png HTTP/1.1" 200 741
::1 - - [26/May/2020:18:03:34 +0300] "GET /wampthemes/classic/img/pngFolderGo.png HTTP/1.1" 200 694
::1 - - [26/May/2020:18:03:34 +0300] "GET /favicon.ico HTTP/1.1" 200 202575
::1 - - [26/May/2020:18:03:35 +0300] "GET /phpmyadmin/ HTTP/1.1" 200 3771
::1 - - [26/May/2020:18:03:36 +0300] "GET /phpmyadmin/themes/pmahomme/jquery/jquery-ui.css HTTP/1.1" 200 36566
::1 - - [26/May/2020:18:03:36 +0300] "GET /phpmyadmin/js/vendor/codemirror/addon/hint/show-hint.css?v=4.9.2 HTTP/1.1" 200 623
::1 - - [26/May/2020:18:03:36 +0300] "GET /phpmyadmin/js/vendor/codemirror/addon/lint/lint.css?v=4.9.2 HTTP/1.1" 200 2999
::1 - - [26/May/2020:18:03:36 +0300] "GET /phpmyadmin/js/vendor/codemirror/lib/codemirror.css?v=4.9.2 HTTP/1.1" 200 8705
::1 - - [26/May/2020:18:03:36 +0300] "GET /phpmyadmin/js/vendor/jquery/jquery-migrate.js?v=4.9.2 HTTP/1.1" 200 19092
::1 - - [26/May/2020:18:03:36 +0300] "GET /phpmyadmin/js/vendor/sprintf.js?v=4.9.2 HTTP/1.1" 200 7387
::1 - - [26/May/2020:18:03:36 +0300] "GET /phpmyadmin/js/vendor/jquery/jquery.min.js?v=4.9.2 HTTP/1.1" 200 88145
::1 - - [26/May/2020:18:03:36 +0300] "GET /phpmyadmin/js/keyhandler.js?v=4.9.2 HTTP/1.1" 200 3333
::1 - - [26/May/2020:18:03:36 +0300] "GET /phpmyadmin/js/ajax.js?v=4.9.2 HTTP/1.1" 200 31246
::1 - - [26/May/2020:18:03:36 +0300] "GET /phpmyadmin/js/vendor/js.cookie.js?v=4.9.2 HTTP/1.1" 200 3883
::1 - - [26/May/2020:18:03:36 +0300] "GET /phpmyadmin/js/vendor/jquery/jquery.mousewheel.js?v=4.9.2 HTTP/1.1" 200 8267
::1 - - [26/May/2020:18:03:36 +0300] "GET /phpmyadmin/js/vendor/jquery/jquery.event.drag-2.2.js?v=4.9.2 HTTP/1.1" 200 12826
::1 - - [26/May/2020:18:03:36 +0300] "GET /phpmyadmin/js/vendor/jquery/jquery-ui-timepicker-addon.js?v=4.9.2 HTTP/1.1" 200 78475
::1 - - [26/May/2020:18:03:36 +0300] "GET /phpmyadmin/js/vendor/jquery/jquery.ba-hashchange-1.3.js?v=4.9.2 HTTP/1.1" 200 16522
::1 - - [26/May/2020:18:03:36 +0300] "GET /phpmyadmin/js/vendor/jquery/jquery-ui.min.js?v=4.9.2 HTTP/1.1" 200 253681
::1 - - [26/May/2020:18:03:36 +0300] "GET /phpmyadmin/js/vendor/jquery/jquery.validate.js?v=4.9.2 HTTP/1.1" 200 50690
::1 - - [26/May/2020:18:03:36 +0300] "GET /phpmyadmin/js/vendor/jquery/jquery.debounce-1.0.5.js?v=4.9.2 HTTP/1.1" 200 1169
::1 - - [26/May/2020:18:03:36 +0300] "GET /phpmyadmin/js/menu-resizer.js?v=4.9.2 HTTP/1.1" 200 8318
::1 - - [26/May/2020:18:03:36 +0300] "GET /phpmyadmin/js/vendor/tracekit.js?v=4.9.2 HTTP/1.1" 200 45389
::1 - - [26/May/2020:18:03:36 +0300] "GET /phpmyadmin/js/error_report.js?v=4.9.2 HTTP/1.1" 200 10837
::1 - - [26/May/2020:18:03:36 +0300] "GET /phpmyadmin/js/cross_framing_protection.js?v=4.9.2 HTTP/1.1" 200 471
::1 - - [26/May/2020:18:03:36 +0300] "GET /phpmyadmin/js/rte.js?v=4.9.2 HTTP/1.1" 200 47688
::1 - - [26/May/2020:18:03:36 +0300] "GET /phpmyadmin/js/doclinks.js?v=4.9.2 HTTP/1.1" 200 20643
::1 - - [26/May/2020:18:03:36 +0300] "GET /phpmyadmin/js/config.js?v=4.9.2 HTTP/1.1" 200 27526
::1 - - [26/May/2020:18:03:36 +0300] "GET /phpmyadmin/js/functions.js?v=4.9.2 HTTP/1.1" 200 175193
::1 - - [26/May/2020:18:03:36 +0300] "GET /phpmyadmin/js/navigation.js?v=4.9.2 HTTP/1.1" 200 60612
::1 - - [26/May/2020:18:03:36 +0300] "GET /phpmyadmin/js/page_settings.js?v=4.9.2 HTTP/1.1" 200 1749
::1 - - [26/May/2020:18:03:36 +0300] "GET /phpmyadmin/js/messages.php?l=ru&v=4.9.2&lang=ru HTTP/1.1" 200 11697
::1 - - [26/May/2020:18:03:36 +0300] "GET /phpmyadmin/js/common.js?v=4.9.2 HTTP/1.1" 200 19196
::1 - - [26/May/2020:18:03:36 +0300] "GET /phpmyadmin/js/indexes.js?v=4.9.2 HTTP/1.1" 200 27654
::1 - - [26/May/2020:18:03:36 +0300] "GET /phpmyadmin/js/shortcuts_handler.js?v=4.9.2 HTTP/1.1" 200 3264
::1 - - [26/May/2020:18:03:36 +0300] "GET /phpmyadmin/js/vendor/codemirror/addon/runmode/runmode.js?v=4.9.2 HTTP/1.1" 200 2500
::1 - - [26/May/2020:18:03:36 +0300] "GET /phpmyadmin/js/vendor/codemirror/addon/hint/show-hint.js?v=4.9.2 HTTP/1.1" 200 17378
::1 - - [26/May/2020:18:03:36 +0300] "GET /phpmyadmin/js/vendor/codemirror/addon/hint/sql-hint.js?v=4.9.2 HTTP/1.1" 200 9599
::1 - - [26/May/2020:18:03:36 +0300] "GET /phpmyadmin/js/vendor/codemirror/addon/lint/lint.js?v=4.9.2 HTTP/1.1" 200 8610
::1 - - [26/May/2020:18:03:36 +0300] "GET /phpmyadmin/js/codemirror/addon/lint/sql-lint.js?v=4.9.2 HTTP/1.1" 200 1048
::1 - - [26/May/2020:18:03:36 +0300] "GET /phpmyadmin/js/vendor/codemirror/mode/sql/sql.js?v=4.9.2 HTTP/1.1" 200 47451
::1 - - [26/May/2020:18:03:36 +0300] "GET /phpmyadmin/js/vendor/codemirror/lib/codemirror.js?v=4.9.2 HTTP/1.1" 200 395660
::1 - - [26/May/2020:18:03:36 +0300] "GET /phpmyadmin/js/console.js?v=4.9.2 HTTP/1.1" 200 57280
::1 - - [26/May/2020:18:03:36 +0300] "GET /phpmyadmin/phpmyadmin.css.php?nocache=4688570625ltr&server=1 HTTP/1.1" 200 20802
::1 - - [26/May/2020:18:03:36 +0300] "GET /phpmyadmin/themes/pmahomme/img/logo_right.png HTTP/1.1" 200 4306
::1 - - [26/May/2020:18:03:36 +0300] "GET /phpmyadmin/themes/dot.gif HTTP/1.1" 200 43
::1 - - [26/May/2020:18:03:36 +0300] "GET /phpmyadmin/themes/pmahomme/css/printview.css?v=4.9.2 HTTP/1.1" 200 2746
::1 - - [26/May/2020:18:03:36 +0300] "GET /phpmyadmin/js/whitelist.php?v=4.9.2&lang=ru HTTP/1.1" 200 491
::1 - - [26/May/2020:18:03:37 +0300] "GET /phpmyadmin/themes/pmahomme/img/b_help.png HTTP/1.1" 200 705
::1 - - [26/May/2020:18:03:37 +0300] "GET /phpmyadmin/favicon.ico HTTP/1.1" 200 22486
::1 - - [26/May/2020:18:03:39 +0300] "POST /phpmyadmin/index.php HTTP/1.1" 302 20
::1 - - [26/May/2020:18:03:39 +0300] "GET /phpmyadmin/index.php HTTP/1.1" 200 16093
::1 - - [26/May/2020:18:03:39 +0300] "GET /phpmyadmin/js/messages.php?l=ru&v=4.9.2 HTTP/1.1" 200 11697
::1 - - [26/May/2020:18:03:39 +0300] "GET /phpmyadmin/phpmyadmin.css.php?nocache=6279076044ltr&server=1 HTTP/1.1" 200 20802
::1 - - [26/May/2020:18:03:40 +0300] "GET /phpmyadmin/themes/pmahomme/img/logo_left.png HTTP/1.1" 200 2713
::1 - - [26/May/2020:18:03:39 +0300] "GET /phpmyadmin/js/whitelist.php?v=4.9.2 HTTP/1.1" 200 491
::1 - - [26/May/2020:18:03:40 +0300] "GET /phpmyadmin/themes/pmahomme/img/left_nav_bg.png HTTP/1.1" 200 146
::1 - - [26/May/2020:18:03:40 +0300] "GET /phpmyadmin/themes/pmahomme/img/s_loggoff.png HTTP/1.1" 200 626
::1 - - [26/May/2020:18:03:40 +0300] "GET /phpmyadmin/themes/pmahomme/img/b_home.png HTTP/1.1" 200 734
::1 - - [26/May/2020:18:03:40 +0300] "GET /phpmyadmin/themes/pmahomme/img/s_reload.png HTTP/1.1" 200 527
::1 - - [26/May/2020:18:03:40 +0300] "GET /phpmyadmin/themes/pmahomme/img/b_sqlhelp.png HTTP/1.1" 200 512
::1 - - [26/May/2020:18:03:40 +0300] "GET /phpmyadmin/themes/pmahomme/img/ajax_clock_small.gif HTTP/1.1" 200 1810
::1 - - [26/May/2020:18:03:40 +0300] "GET /phpmyadmin/themes/pmahomme/img/b_docs.png HTTP/1.1" 200 705
::1 - - [26/May/2020:18:03:40 +0300] "GET /phpmyadmin/themes/pmahomme/img/s_cog.png HTTP/1.1" 200 442
::1 - - [26/May/2020:18:03:40 +0300] "GET /phpmyadmin/themes/pmahomme/img/b_plus.png HTTP/1.1" 200 143
::1 - - [26/May/2020:18:03:40 +0300] "GET /phpmyadmin/themes/pmahomme/img/b_newdb.png HTTP/1.1" 200 585
::1 - - [26/May/2020:18:03:40 +0300] "GET /phpmyadmin/themes/pmahomme/img/s_db.png HTTP/1.1" 200 328
::1 - - [26/May/2020:18:03:40 +0300] "GET /phpmyadmin/themes/pmahomme/img/s_link.png HTTP/1.1" 200 280
::1 - - [26/May/2020:18:03:40 +0300] "GET /phpmyadmin/themes/pmahomme/img/s_host.png HTTP/1.1" 200 591
::1 - - [26/May/2020:18:03:40 +0300] "GET /phpmyadmin/themes/pmahomme/img/s_rights.png HTTP/1.1" 200 461
::1 - - [26/May/2020:18:03:40 +0300] "GET /phpmyadmin/themes/pmahomme/img/b_export.png HTTP/1.1" 200 514
::1 - - [26/May/2020:18:03:40 +0300] "GET /phpmyadmin/themes/pmahomme/img/s_status.png HTTP/1.1" 200 600
::1 - - [26/May/2020:18:03:40 +0300] "GET /phpmyadmin/themes/pmahomme/img/b_sql.png HTTP/1.1" 200 680
::1 - - [26/May/2020:18:03:40 +0300] "GET /phpmyadmin/themes/pmahomme/img/b_import.png HTTP/1.1" 200 556
::1 - - [26/May/2020:18:03:40 +0300] "GET /phpmyadmin/themes/pmahomme/img/b_tblops.png HTTP/1.1" 200 537
::1 - - [26/May/2020:18:03:40 +0300] "GET /phpmyadmin/themes/pmahomme/img/b_engine.png HTTP/1.1" 200 398
::1 - - [26/May/2020:18:03:40 +0300] "GET /phpmyadmin/themes/pmahomme/img/s_replication.png HTTP/1.1" 200 399
::1 - - [26/May/2020:18:03:40 +0300] "GET /phpmyadmin/themes/pmahomme/img/b_plugin.png HTTP/1.1" 200 512
::1 - - [26/May/2020:18:03:40 +0300] "GET /phpmyadmin/themes/pmahomme/img/s_asci.png HTTP/1.1" 200 148
::1 - - [26/May/2020:18:03:40 +0300] "GET /phpmyadmin/themes/pmahomme/img/s_vars.png HTTP/1.1" 200 523
::1 - - [26/May/2020:18:03:40 +0300] "GET /phpmyadmin/themes/pmahomme/img/s_top.png HTTP/1.1" 200 220
::1 - - [26/May/2020:18:03:40 +0300] "GET /phpmyadmin/themes/pmahomme/img/console.png HTTP/1.1" 200 292
::1 - - [26/May/2020:18:03:40 +0300] "GET /phpmyadmin/themes/pmahomme/img/s_theme.png HTTP/1.1" 200 772
::1 - - [26/May/2020:18:03:40 +0300] "GET /phpmyadmin/themes/pmahomme/img/s_lang.png HTTP/1.1" 200 659
::1 - - [26/May/2020:18:03:40 +0300] "GET /phpmyadmin/themes/pmahomme/img/window-new.png HTTP/1.1" 200 468
::1 - - [26/May/2020:18:03:40 +0300] "GET /phpmyadmin/themes/pmahomme/img/s_passwd.png HTTP/1.1" 200 331
::1 - - [26/May/2020:18:03:40 +0300] "POST /phpmyadmin/ajax.php HTTP/1.1" 200 1605
::1 - - [26/May/2020:18:03:40 +0300] "GET /phpmyadmin/themes/pmahomme/img/b_more.png HTTP/1.1" 200 111
::1 - - [26/May/2020:18:03:40 +0300] "POST /phpmyadmin/navigation.php?ajax_request=1 HTTP/1.1" 200 2443
::1 - - [26/May/2020:18:03:40 +0300] "POST /phpmyadmin/ajax.php HTTP/1.1" 200 1700
::1 - - [26/May/2020:18:03:40 +0300] "POST /phpmyadmin/ajax.php HTTP/1.1" 200 1596
::1 - - [26/May/2020:18:03:40 +0300] "POST /phpmyadmin/version_check.php HTTP/1.1" 200 28
::1 - - [26/May/2020:18:03:42 +0300] "GET /phpmyadmin/db_structure.php?server=1&db=trinity&ajax_request=true&ajax_page_request=true&_nocache=1590505422948779497&token=63366660622239527d593922623d493b HTTP/1.1" 200 9014
::1 - - [26/May/2020:18:03:43 +0300] "GET /phpmyadmin/themes/pmahomme/img/b_events.png HTTP/1.1" 200 703
::1 - - [26/May/2020:18:03:43 +0300] "GET /phpmyadmin/themes/pmahomme/img/b_routines.png HTTP/1.1" 200 306
::1 - - [26/May/2020:18:03:43 +0300] "GET /phpmyadmin/themes/pmahomme/img/b_props.png HTTP/1.1" 200 573
::1 - - [26/May/2020:18:03:43 +0300] "GET /phpmyadmin/themes/pmahomme/img/b_search.png HTTP/1.1" 200 538
::1 - - [26/May/2020:18:03:43 +0300] "GET /phpmyadmin/themes/pmahomme/img/b_relations.png HTTP/1.1" 200 140
::1 - - [26/May/2020:18:03:43 +0300] "GET /phpmyadmin/themes/pmahomme/img/b_triggers.png HTTP/1.1" 200 446
::1 - - [26/May/2020:18:03:43 +0300] "GET /phpmyadmin/themes/pmahomme/img/s_asc.png HTTP/1.1" 200 146
::1 - - [26/May/2020:18:03:43 +0300] "GET /phpmyadmin/themes/pmahomme/img/b_no_favorite.png HTTP/1.1" 200 377
::1 - - [26/May/2020:18:03:43 +0300] "GET /phpmyadmin/themes/pmahomme/img/bd_browse.png HTTP/1.1" 200 271
::1 - - [26/May/2020:18:03:43 +0300] "GET /phpmyadmin/themes/pmahomme/img/s_desc.png HTTP/1.1" 200 146
::1 - - [26/May/2020:18:03:43 +0300] "GET /phpmyadmin/themes/pmahomme/img/bd_select.png HTTP/1.1" 200 325
::1 - - [26/May/2020:18:03:43 +0300] "GET /phpmyadmin/themes/pmahomme/img/b_insrow.png HTTP/1.1" 200 157
::1 - - [26/May/2020:18:03:43 +0300] "GET /phpmyadmin/themes/pmahomme/img/bd_empty.png HTTP/1.1" 200 327
::1 - - [26/May/2020:18:03:43 +0300] "GET /phpmyadmin/themes/pmahomme/img/b_drop.png HTTP/1.1" 200 637
::1 - - [26/May/2020:18:03:43 +0300] "GET /phpmyadmin/themes/pmahomme/img/b_empty.png HTTP/1.1" 200 521
::1 - - [26/May/2020:18:03:43 +0300] "GET /phpmyadmin/themes/pmahomme/img/b_select.png HTTP/1.1" 200 593
::1 - - [26/May/2020:18:03:43 +0300] "GET /phpmyadmin/themes/pmahomme/img/b_browse.png HTTP/1.1" 200 486
::1 - - [26/May/2020:18:03:43 +0300] "GET /phpmyadmin/themes/pmahomme/img/b_tblanalyse.png HTTP/1.1" 200 152
::1 - - [26/May/2020:18:03:43 +0300] "GET /phpmyadmin/themes/pmahomme/img/b_table_add.png HTTP/1.1" 200 571
::1 - - [26/May/2020:18:03:43 +0300] "GET /phpmyadmin/themes/pmahomme/img/b_print.png HTTP/1.1" 200 639
::1 - - [26/May/2020:18:03:43 +0300] "GET /phpmyadmin/themes/pmahomme/img/arrow_ltr.png HTTP/1.1" 200 101
::1 - - [26/May/2020:18:03:43 +0300] "GET /phpmyadmin/js/db_structure.js?v=4.9.2 HTTP/1.1" 200 15803
::1 - - [26/May/2020:18:03:43 +0300] "GET /phpmyadmin/js/tbl_change.js?v=4.9.2 HTTP/1.1" 200 28561
::1 - - [26/May/2020:18:03:43 +0300] "GET /phpmyadmin/navigation.php?ajax_request=1&aPath=cm9vdA%3D%3D.dHJpbml0eQ%3D%3D&vPath=cm9vdA%3D%3D.dHJpbml0eQ%3D%3D&pos=0&pos2_name=&pos2_value=&searchClause=&searchClause2=&_nocache=1590505423281429611&token=63366660622239527d593922623d493b HTTP/1.1" 200 2557
::1 - - [26/May/2020:18:03:43 +0300] "GET /phpmyadmin/themes/pmahomme/img/b_minus.png HTTP/1.1" 200 123
::1 - - [26/May/2020:18:03:54 +0300] "GET /phpmyadmin/sql.php?db=trinity&table=poses&pos=0&ajax_request=true&ajax_page_request=true&_nocache=159050543454358154&token=63366660622239527d593922623d493b HTTP/1.1" 200 5588
::1 - - [26/May/2020:18:03:54 +0300] "GET /phpmyadmin/themes/pmahomme/img/s_tbl.png HTTP/1.1" 200 645
::1 - - [26/May/2020:18:03:54 +0300] "GET /phpmyadmin/themes/pmahomme/img/b_tblimport.png HTTP/1.1" 200 556
::1 - - [26/May/2020:18:03:54 +0300] "GET /phpmyadmin/themes/pmahomme/img/b_tblexport.png HTTP/1.1" 200 514
::1 - - [26/May/2020:18:03:54 +0300] "GET /phpmyadmin/themes/pmahomme/img/s_success.png HTTP/1.1" 200 465
::1 - - [26/May/2020:18:03:54 +0300] "GET /phpmyadmin/themes/pmahomme/img/b_view_add.png HTTP/1.1" 200 678
::1 - - [26/May/2020:18:03:54 +0300] "GET /phpmyadmin/js/vendor/jquery/jquery.uitablefilter.js?v=4.9.2 HTTP/1.1" 200 3479
::1 - - [26/May/2020:18:03:54 +0300] "GET /phpmyadmin/js/multi_column_sort.js?v=4.9.2 HTTP/1.1" 200 3285
::1 - - [26/May/2020:18:03:54 +0300] "GET /phpmyadmin/js/gis_data_editor.js?v=4.9.2 HTTP/1.1" 200 14771
::1 - - [26/May/2020:18:03:54 +0300] "GET /phpmyadmin/index.php?ajax_request=1&recent_table=1&no_debug=true&_nocache=1590505434881152625&token=63366660622239527d593922623d493b HTTP/1.1" 200 1654
::1 - - [26/May/2020:18:03:55 +0300] "GET /phpmyadmin/db_structure.php?db=trinity&table=&server=1&target=&ajax_request=true&ajax_page_request=true&_nocache=1590505435836685632&token=63366660622239527d593922623d493b HTTP/1.1" 200 9016
::1 - - [26/May/2020:18:04:01 +0300] "GET /phpmyadmin/sql.php?db=trinity&table=poses&pos=0&ajax_request=true&ajax_page_request=true&_nocache=1590505441817548264&token=63366660622239527d593922623d493b HTTP/1.1" 200 5586
::1 - - [26/May/2020:18:04:01 +0300] "GET /phpmyadmin/index.php?ajax_request=1&recent_table=1&no_debug=true&_nocache=1590505441994414617&token=63366660622239527d593922623d493b HTTP/1.1" 200 1654
::1 - - [26/May/2020:18:04:14 +0300] "GET /phpmyadmin/db_structure.php?server=1&db=trinity&ajax_request=true&ajax_page_request=true&_nocache=159050545482451643&token=63366660622239527d593922623d493b HTTP/1.1" 200 9016
::1 - - [26/May/2020:18:04:17 +0300] "GET /phpmyadmin/db_import.php?db=trinity&ajax_request=true&ajax_page_request=true&_nocache=1590505457237545955&token=63366660622239527d593922623d493b HTTP/1.1" 200 8173
::1 - - [26/May/2020:18:04:17 +0300] "GET /phpmyadmin/js/import.js?v=4.9.2 HTTP/1.1" 200 5640
::1 - - [26/May/2020:18:04:31 +0300] "POST /phpmyadmin/import.php HTTP/1.1" 200 8812
::1 - - [26/May/2020:18:04:32 +0300] "GET /phpmyadmin/phpmyadmin.css.php?nocache=6279076045ltr&server=1 HTTP/1.1" 200 20802
::1 - - [26/May/2020:18:04:32 +0300] "POST /phpmyadmin/ajax.php HTTP/1.1" 200 1608
::1 - - [26/May/2020:18:04:32 +0300] "POST /phpmyadmin/navigation.php?ajax_request=1 HTTP/1.1" 200 3303
::1 - - [26/May/2020:18:04:32 +0300] "POST /phpmyadmin/ajax.php HTTP/1.1" 200 1705
::1 - - [26/May/2020:18:04:32 +0300] "POST /phpmyadmin/ajax.php HTTP/1.1" 200 1598
::1 - - [31/May/2020:18:36:09 +0300] "GET / HTTP/1.1" 200 5528
::1 - - [31/May/2020:18:36:09 +0300] "GET /wampthemes/classic/style.css HTTP/1.1" 200 2584
::1 - - [31/May/2020:18:36:09 +0300] "GET /wampthemes/classic/img/gifLogo.gif HTTP/1.1" 200 3525
::1 - - [31/May/2020:18:36:09 +0300] "GET /wampthemes/classic/img/pngPlugin.png HTTP/1.1" 200 140
::1 - - [31/May/2020:18:36:09 +0300] "GET /wampthemes/classic/img/pngFolderGo.png HTTP/1.1" 200 694
::1 - - [31/May/2020:18:36:09 +0300] "GET /wampthemes/classic/img/pngWrench.png HTTP/1.1" 200 741
::1 - - [31/May/2020:18:36:09 +0300] "GET /favicon.ico HTTP/1.1" 200 202575
::1 - - [31/May/2020:18:36:10 +0300] "GET /phpmyadmin/ HTTP/1.1" 200 3773
::1 - - [31/May/2020:18:36:11 +0300] "GET /phpmyadmin/themes/pmahomme/jquery/jquery-ui.css HTTP/1.1" 200 36566
::1 - - [31/May/2020:18:36:11 +0300] "GET /phpmyadmin/js/vendor/codemirror/lib/codemirror.css?v=4.9.2 HTTP/1.1" 200 8705
::1 - - [31/May/2020:18:36:11 +0300] "GET /phpmyadmin/js/vendor/codemirror/addon/hint/show-hint.css?v=4.9.2 HTTP/1.1" 200 623
::1 - - [31/May/2020:18:36:11 +0300] "GET /phpmyadmin/js/vendor/jquery/jquery-migrate.js?v=4.9.2 HTTP/1.1" 200 19092
::1 - - [31/May/2020:18:36:11 +0300] "GET /phpmyadmin/js/vendor/codemirror/addon/lint/lint.css?v=4.9.2 HTTP/1.1" 200 2999
::1 - - [31/May/2020:18:36:11 +0300] "GET /phpmyadmin/js/vendor/sprintf.js?v=4.9.2 HTTP/1.1" 200 7387
::1 - - [31/May/2020:18:36:11 +0300] "GET /phpmyadmin/js/vendor/jquery/jquery.min.js?v=4.9.2 HTTP/1.1" 200 88145
::1 - - [31/May/2020:18:36:11 +0300] "GET /phpmyadmin/js/keyhandler.js?v=4.9.2 HTTP/1.1" 200 3333
::1 - - [31/May/2020:18:36:11 +0300] "GET /phpmyadmin/js/vendor/js.cookie.js?v=4.9.2 HTTP/1.1" 200 3883
::1 - - [31/May/2020:18:36:11 +0300] "GET /phpmyadmin/js/ajax.js?v=4.9.2 HTTP/1.1" 200 31246
::1 - - [31/May/2020:18:36:11 +0300] "GET /phpmyadmin/js/vendor/jquery/jquery.mousewheel.js?v=4.9.2 HTTP/1.1" 200 8267
::1 - - [31/May/2020:18:36:11 +0300] "GET /phpmyadmin/js/vendor/jquery/jquery.event.drag-2.2.js?v=4.9.2 HTTP/1.1" 200 12826
::1 - - [31/May/2020:18:36:11 +0300] "GET /phpmyadmin/js/vendor/jquery/jquery-ui-timepicker-addon.js?v=4.9.2 HTTP/1.1" 200 78475
::1 - - [31/May/2020:18:36:11 +0300] "GET /phpmyadmin/js/vendor/jquery/jquery-ui.min.js?v=4.9.2 HTTP/1.1" 200 253681
::1 - - [31/May/2020:18:36:11 +0300] "GET /phpmyadmin/js/vendor/jquery/jquery.validate.js?v=4.9.2 HTTP/1.1" 200 50690
::1 - - [31/May/2020:18:36:11 +0300] "GET /phpmyadmin/js/vendor/jquery/jquery.ba-hashchange-1.3.js?v=4.9.2 HTTP/1.1" 200 16522
::1 - - [31/May/2020:18:36:11 +0300] "GET /phpmyadmin/js/vendor/jquery/jquery.debounce-1.0.5.js?v=4.9.2 HTTP/1.1" 200 1169
::1 - - [31/May/2020:18:36:11 +0300] "GET /phpmyadmin/js/cross_framing_protection.js?v=4.9.2 HTTP/1.1" 200 471
::1 - - [31/May/2020:18:36:11 +0300] "GET /phpmyadmin/js/menu-resizer.js?v=4.9.2 HTTP/1.1" 200 8318
::1 - - [31/May/2020:18:36:11 +0300] "GET /phpmyadmin/js/vendor/tracekit.js?v=4.9.2 HTTP/1.1" 200 45389
::1 - - [31/May/2020:18:36:11 +0300] "GET /phpmyadmin/js/error_report.js?v=4.9.2 HTTP/1.1" 200 10837
::1 - - [31/May/2020:18:36:11 +0300] "GET /phpmyadmin/js/rte.js?v=4.9.2 HTTP/1.1" 200 47688
::1 - - [31/May/2020:18:36:11 +0300] "GET /phpmyadmin/js/doclinks.js?v=4.9.2 HTTP/1.1" 200 20643
::1 - - [31/May/2020:18:36:11 +0300] "GET /phpmyadmin/js/config.js?v=4.9.2 HTTP/1.1" 200 27526
::1 - - [31/May/2020:18:36:11 +0300] "GET /phpmyadmin/js/functions.js?v=4.9.2 HTTP/1.1" 200 175193
::1 - - [31/May/2020:18:36:11 +0300] "GET /phpmyadmin/js/navigation.js?v=4.9.2 HTTP/1.1" 200 60612
::1 - - [31/May/2020:18:36:11 +0300] "GET /phpmyadmin/js/indexes.js?v=4.9.2 HTTP/1.1" 200 27654
::1 - - [31/May/2020:18:36:11 +0300] "GET /phpmyadmin/js/page_settings.js?v=4.9.2 HTTP/1.1" 200 1749
::1 - - [31/May/2020:18:36:11 +0300] "GET /phpmyadmin/js/shortcuts_handler.js?v=4.9.2 HTTP/1.1" 200 3264
::1 - - [31/May/2020:18:36:11 +0300] "GET /phpmyadmin/js/common.js?v=4.9.2 HTTP/1.1" 200 19196
::1 - - [31/May/2020:18:36:11 +0300] "GET /phpmyadmin/js/messages.php?l=ru&v=4.9.2&lang=ru HTTP/1.1" 200 11697
::1 - - [31/May/2020:18:36:11 +0300] "GET /phpmyadmin/js/vendor/codemirror/addon/runmode/runmode.js?v=4.9.2 HTTP/1.1" 200 2500
::1 - - [31/May/2020:18:36:11 +0300] "GET /phpmyadmin/js/vendor/codemirror/addon/hint/show-hint.js?v=4.9.2 HTTP/1.1" 200 17378
::1 - - [31/May/2020:18:36:11 +0300] "GET /phpmyadmin/js/vendor/codemirror/addon/hint/sql-hint.js?v=4.9.2 HTTP/1.1" 200 9599
::1 - - [31/May/2020:18:36:11 +0300] "GET /phpmyadmin/js/vendor/codemirror/addon/lint/lint.js?v=4.9.2 HTTP/1.1" 200 8610
::1 - - [31/May/2020:18:36:11 +0300] "GET /phpmyadmin/js/vendor/codemirror/lib/codemirror.js?v=4.9.2 HTTP/1.1" 200 395660
::1 - - [31/May/2020:18:36:11 +0300] "GET /phpmyadmin/js/codemirror/addon/lint/sql-lint.js?v=4.9.2 HTTP/1.1" 200 1048
::1 - - [31/May/2020:18:36:11 +0300] "GET /phpmyadmin/js/vendor/codemirror/mode/sql/sql.js?v=4.9.2 HTTP/1.1" 200 47451
::1 - - [31/May/2020:18:36:11 +0300] "GET /phpmyadmin/js/console.js?v=4.9.2 HTTP/1.1" 200 57280
::1 - - [31/May/2020:18:36:11 +0300] "GET /phpmyadmin/phpmyadmin.css.php?nocache=4688570625ltr&server=1 HTTP/1.1" 200 20802
::1 - - [31/May/2020:18:36:11 +0300] "GET /phpmyadmin/themes/pmahomme/img/logo_right.png HTTP/1.1" 200 4306
::1 - - [31/May/2020:18:36:11 +0300] "GET /phpmyadmin/themes/dot.gif HTTP/1.1" 200 43
::1 - - [31/May/2020:18:36:11 +0300] "GET /phpmyadmin/themes/pmahomme/css/printview.css?v=4.9.2 HTTP/1.1" 200 2746
::1 - - [31/May/2020:18:36:11 +0300] "GET /phpmyadmin/js/whitelist.php?v=4.9.2&lang=ru HTTP/1.1" 200 491
::1 - - [31/May/2020:18:36:12 +0300] "GET /phpmyadmin/themes/pmahomme/img/b_help.png HTTP/1.1" 200 705
::1 - - [31/May/2020:18:36:12 +0300] "GET /phpmyadmin/favicon.ico HTTP/1.1" 200 22486
::1 - - [31/May/2020:18:36:14 +0300] "POST /phpmyadmin/index.php HTTP/1.1" 302 20
::1 - - [31/May/2020:18:36:14 +0300] "GET /phpmyadmin/index.php HTTP/1.1" 200 16096
::1 - - [31/May/2020:18:36:15 +0300] "GET /phpmyadmin/js/messages.php?l=ru&v=4.9.2 HTTP/1.1" 200 11697
::1 - - [31/May/2020:18:36:15 +0300] "GET /phpmyadmin/phpmyadmin.css.php?nocache=6279509999ltr&server=1 HTTP/1.1" 200 20802
::1 - - [31/May/2020:18:36:15 +0300] "GET /phpmyadmin/themes/pmahomme/img/logo_left.png HTTP/1.1" 200 2713
::1 - - [31/May/2020:18:36:15 +0300] "GET /phpmyadmin/js/whitelist.php?v=4.9.2 HTTP/1.1" 200 491
::1 - - [31/May/2020:18:36:15 +0300] "GET /phpmyadmin/themes/pmahomme/img/left_nav_bg.png HTTP/1.1" 200 146
::1 - - [31/May/2020:18:36:15 +0300] "GET /phpmyadmin/themes/pmahomme/img/b_home.png HTTP/1.1" 200 734
::1 - - [31/May/2020:18:36:15 +0300] "GET /phpmyadmin/themes/pmahomme/img/s_loggoff.png HTTP/1.1" 200 626
::1 - - [31/May/2020:18:36:15 +0300] "GET /phpmyadmin/themes/pmahomme/img/b_docs.png HTTP/1.1" 200 705
::1 - - [31/May/2020:18:36:15 +0300] "GET /phpmyadmin/themes/pmahomme/img/ajax_clock_small.gif HTTP/1.1" 200 1810
::1 - - [31/May/2020:18:36:15 +0300] "GET /phpmyadmin/themes/pmahomme/img/s_link.png HTTP/1.1" 200 280
::1 - - [31/May/2020:18:36:15 +0300] "GET /phpmyadmin/themes/pmahomme/img/s_cog.png HTTP/1.1" 200 442
::1 - - [31/May/2020:18:36:15 +0300] "GET /phpmyadmin/themes/pmahomme/img/b_sqlhelp.png HTTP/1.1" 200 512
::1 - - [31/May/2020:18:36:15 +0300] "GET /phpmyadmin/themes/pmahomme/img/b_newdb.png HTTP/1.1" 200 585
::1 - - [31/May/2020:18:36:15 +0300] "GET /phpmyadmin/themes/pmahomme/img/s_reload.png HTTP/1.1" 200 527
::1 - - [31/May/2020:18:36:15 +0300] "GET /phpmyadmin/themes/pmahomme/img/s_db.png HTTP/1.1" 200 328
::1 - - [31/May/2020:18:36:15 +0300] "GET /phpmyadmin/themes/pmahomme/img/b_plus.png HTTP/1.1" 200 143
::1 - - [31/May/2020:18:36:15 +0300] "GET /phpmyadmin/themes/pmahomme/img/s_rights.png HTTP/1.1" 200 461
::1 - - [31/May/2020:18:36:15 +0300] "GET /phpmyadmin/themes/pmahomme/img/b_export.png HTTP/1.1" 200 514
::1 - - [31/May/2020:18:36:15 +0300] "GET /phpmyadmin/themes/pmahomme/img/b_sql.png HTTP/1.1" 200 680
::1 - - [31/May/2020:18:36:15 +0300] "GET /phpmyadmin/themes/pmahomme/img/b_import.png HTTP/1.1" 200 556
::1 - - [31/May/2020:18:36:15 +0300] "GET /phpmyadmin/themes/pmahomme/img/s_status.png HTTP/1.1" 200 600
::1 - - [31/May/2020:18:36:15 +0300] "GET /phpmyadmin/themes/pmahomme/img/s_host.png HTTP/1.1" 200 591
::1 - - [31/May/2020:18:36:15 +0300] "GET /phpmyadmin/themes/pmahomme/img/s_replication.png HTTP/1.1" 200 399
::1 - - [31/May/2020:18:36:15 +0300] "GET /phpmyadmin/themes/pmahomme/img/b_tblops.png HTTP/1.1" 200 537
::1 - - [31/May/2020:18:36:15 +0300] "GET /phpmyadmin/themes/pmahomme/img/s_asci.png HTTP/1.1" 200 148
::1 - - [31/May/2020:18:36:15 +0300] "GET /phpmyadmin/themes/pmahomme/img/b_plugin.png HTTP/1.1" 200 512
::1 - - [31/May/2020:18:36:15 +0300] "GET /phpmyadmin/themes/pmahomme/img/b_engine.png HTTP/1.1" 200 398
::1 - - [31/May/2020:18:36:15 +0300] "GET /phpmyadmin/themes/pmahomme/img/s_vars.png HTTP/1.1" 200 523
::1 - - [31/May/2020:18:36:15 +0300] "GET /phpmyadmin/themes/pmahomme/img/s_top.png HTTP/1.1" 200 220
::1 - - [31/May/2020:18:36:15 +0300] "GET /phpmyadmin/themes/pmahomme/img/console.png HTTP/1.1" 200 292
::1 - - [31/May/2020:18:36:15 +0300] "GET /phpmyadmin/themes/pmahomme/img/s_passwd.png HTTP/1.1" 200 331
::1 - - [31/May/2020:18:36:15 +0300] "GET /phpmyadmin/themes/pmahomme/img/s_lang.png HTTP/1.1" 200 659
::1 - - [31/May/2020:18:36:15 +0300] "GET /phpmyadmin/themes/pmahomme/img/s_theme.png HTTP/1.1" 200 772
::1 - - [31/May/2020:18:36:15 +0300] "GET /phpmyadmin/themes/pmahomme/img/window-new.png HTTP/1.1" 200 468
::1 - - [31/May/2020:18:36:15 +0300] "POST /phpmyadmin/ajax.php HTTP/1.1" 200 1605
::1 - - [31/May/2020:18:36:15 +0300] "GET /phpmyadmin/themes/pmahomme/img/b_more.png HTTP/1.1" 200 111
::1 - - [31/May/2020:18:36:15 +0300] "POST /phpmyadmin/ajax.php HTTP/1.1" 200 1700
::1 - - [31/May/2020:18:36:15 +0300] "POST /phpmyadmin/navigation.php?ajax_request=1 HTTP/1.1" 200 2442
::1 - - [31/May/2020:18:36:15 +0300] "POST /phpmyadmin/ajax.php HTTP/1.1" 200 1596
::1 - - [31/May/2020:18:36:15 +0300] "POST /phpmyadmin/version_check.php HTTP/1.1" 200 28
::1 - - [31/May/2020:18:36:18 +0300] "GET /phpmyadmin/navigation.php?ajax_request=1&aPath=cm9vdA%3D%3D.dGVzdA%3D%3D&vPath=cm9vdA%3D%3D.dGVzdA%3D%3D&pos=0&pos2_name=&pos2_value=&searchClause=&searchClause2=&_nocache=1590939378911260027&token=723b30246e30777a554c782b415d4924 HTTP/1.1" 200 1617
::1 - - [31/May/2020:18:36:18 +0300] "GET /phpmyadmin/themes/pmahomme/img/b_minus.png HTTP/1.1" 200 123
::1 - - [31/May/2020:18:36:25 +0300] "GET /phpmyadmin/ HTTP/1.1" 200 16095
::1 - - [31/May/2020:18:36:25 +0300] "GET /phpmyadmin/phpmyadmin.css.php?nocache=6279510000ltr&server=1 HTTP/1.1" 200 20802
::1 - - [31/May/2020:18:36:26 +0300] "POST /phpmyadmin/ajax.php HTTP/1.1" 200 1605
::1 - - [31/May/2020:18:36:26 +0300] "POST /phpmyadmin/navigation.php?ajax_request=1 HTTP/1.1" 200 2442
::1 - - [31/May/2020:18:36:26 +0300] "POST /phpmyadmin/ajax.php HTTP/1.1" 200 1702
::1 - - [31/May/2020:18:36:26 +0300] "POST /phpmyadmin/ajax.php HTTP/1.1" 200 1596
::1 - - [31/May/2020:18:36:26 +0300] "POST /phpmyadmin/version_check.php HTTP/1.1" 200 28
::1 - - [31/May/2020:19:34:39 +0300] "GET / HTTP/1.1" 200 5528
::1 - - [31/May/2020:19:34:39 +0300] "GET /wampthemes/classic/style.css HTTP/1.1" 200 2584
::1 - - [31/May/2020:19:34:39 +0300] "GET /wampthemes/classic/img/pngPlugin.png HTTP/1.1" 200 140
::1 - - [31/May/2020:19:34:39 +0300] "GET /wampthemes/classic/img/gifLogo.gif HTTP/1.1" 200 3525
::1 - - [31/May/2020:19:34:39 +0300] "GET /wampthemes/classic/img/pngWrench.png HTTP/1.1" 200 741
::1 - - [31/May/2020:19:34:39 +0300] "GET /wampthemes/classic/img/pngFolderGo.png HTTP/1.1" 200 694
::1 - - [31/May/2020:19:34:39 +0300] "GET /favicon.ico HTTP/1.1" 200 202575
::1 - - [31/May/2020:19:34:40 +0300] "GET /phpmyadmin/ HTTP/1.1" 200 3773
::1 - - [31/May/2020:19:34:40 +0300] "GET /phpmyadmin/themes/pmahomme/jquery/jquery-ui.css HTTP/1.1" 200 36566
::1 - - [31/May/2020:19:34:40 +0300] "GET /phpmyadmin/js/vendor/codemirror/addon/hint/show-hint.css?v=4.9.2 HTTP/1.1" 200 623
::1 - - [31/May/2020:19:34:40 +0300] "GET /phpmyadmin/js/vendor/codemirror/addon/lint/lint.css?v=4.9.2 HTTP/1.1" 200 2999
::1 - - [31/May/2020:19:34:40 +0300] "GET /phpmyadmin/js/vendor/codemirror/lib/codemirror.css?v=4.9.2 HTTP/1.1" 200 8705
::1 - - [31/May/2020:19:34:40 +0300] "GET /phpmyadmin/js/vendor/jquery/jquery-migrate.js?v=4.9.2 HTTP/1.1" 200 19092
::1 - - [31/May/2020:19:34:40 +0300] "GET /phpmyadmin/js/vendor/jquery/jquery.min.js?v=4.9.2 HTTP/1.1" 200 88145
::1 - - [31/May/2020:19:34:40 +0300] "GET /phpmyadmin/js/vendor/sprintf.js?v=4.9.2 HTTP/1.1" 200 7387
::1 - - [31/May/2020:19:34:40 +0300] "GET /phpmyadmin/js/keyhandler.js?v=4.9.2 HTTP/1.1" 200 3333
::1 - - [31/May/2020:19:34:40 +0300] "GET /phpmyadmin/js/ajax.js?v=4.9.2 HTTP/1.1" 200 31246
::1 - - [31/May/2020:19:34:40 +0300] "GET /phpmyadmin/js/vendor/jquery/jquery-ui.min.js?v=4.9.2 HTTP/1.1" 200 253681
::1 - - [31/May/2020:19:34:40 +0300] "GET /phpmyadmin/js/vendor/js.cookie.js?v=4.9.2 HTTP/1.1" 200 3883
::1 - - [31/May/2020:19:34:40 +0300] "GET /phpmyadmin/js/vendor/jquery/jquery.mousewheel.js?v=4.9.2 HTTP/1.1" 200 8267
::1 - - [31/May/2020:19:34:40 +0300] "GET /phpmyadmin/js/vendor/jquery/jquery.event.drag-2.2.js?v=4.9.2 HTTP/1.1" 200 12826
::1 - - [31/May/2020:19:34:40 +0300] "GET /phpmyadmin/js/vendor/jquery/jquery.validate.js?v=4.9.2 HTTP/1.1" 200 50690
::1 - - [31/May/2020:19:34:40 +0300] "GET /phpmyadmin/js/vendor/jquery/jquery-ui-timepicker-addon.js?v=4.9.2 HTTP/1.1" 200 78475
::1 - - [31/May/2020:19:34:40 +0300] "GET /phpmyadmin/js/vendor/jquery/jquery.debounce-1.0.5.js?v=4.9.2 HTTP/1.1" 200 1169
::1 - - [31/May/2020:19:34:40 +0300] "GET /phpmyadmin/js/menu-resizer.js?v=4.9.2 HTTP/1.1" 200 8318
::1 - - [31/May/2020:19:34:40 +0300] "GET /phpmyadmin/js/cross_framing_protection.js?v=4.9.2 HTTP/1.1" 200 471
::1 - - [31/May/2020:19:34:40 +0300] "GET /phpmyadmin/js/vendor/jquery/jquery.ba-hashchange-1.3.js?v=4.9.2 HTTP/1.1" 200 16522
::1 - - [31/May/2020:19:34:40 +0300] "GET /phpmyadmin/js/vendor/tracekit.js?v=4.9.2 HTTP/1.1" 200 45389
::1 - - [31/May/2020:19:34:40 +0300] "GET /phpmyadmin/js/rte.js?v=4.9.2 HTTP/1.1" 200 47688
::1 - - [31/May/2020:19:34:40 +0300] "GET /phpmyadmin/js/error_report.js?v=4.9.2 HTTP/1.1" 200 10837
::1 - - [31/May/2020:19:34:40 +0300] "GET /phpmyadmin/js/doclinks.js?v=4.9.2 HTTP/1.1" 200 20643
::1 - - [31/May/2020:19:34:40 +0300] "GET /phpmyadmin/js/config.js?v=4.9.2 HTTP/1.1" 200 27526
::1 - - [31/May/2020:19:34:40 +0300] "GET /phpmyadmin/js/functions.js?v=4.9.2 HTTP/1.1" 200 175193
::1 - - [31/May/2020:19:34:40 +0300] "GET /phpmyadmin/js/indexes.js?v=4.9.2 HTTP/1.1" 200 27654
::1 - - [31/May/2020:19:34:40 +0300] "GET /phpmyadmin/js/navigation.js?v=4.9.2 HTTP/1.1" 200 60612
::1 - - [31/May/2020:19:34:40 +0300] "GET /phpmyadmin/js/common.js?v=4.9.2 HTTP/1.1" 200 19196
::1 - - [31/May/2020:19:34:40 +0300] "GET /phpmyadmin/js/page_settings.js?v=4.9.2 HTTP/1.1" 200 1749
::1 - - [31/May/2020:19:34:40 +0300] "GET /phpmyadmin/js/shortcuts_handler.js?v=4.9.2 HTTP/1.1" 200 3264
::1 - - [31/May/2020:19:34:40 +0300] "GET /phpmyadmin/js/vendor/codemirror/lib/codemirror.js?v=4.9.2 HTTP/1.1" 200 395660
::1 - - [31/May/2020:19:34:40 +0300] "GET /phpmyadmin/js/vendor/codemirror/addon/runmode/runmode.js?v=4.9.2 HTTP/1.1" 200 2500
::1 - - [31/May/2020:19:34:40 +0300] "GET /phpmyadmin/js/vendor/codemirror/mode/sql/sql.js?v=4.9.2 HTTP/1.1" 200 47451
::1 - - [31/May/2020:19:34:40 +0300] "GET /phpmyadmin/js/vendor/codemirror/addon/hint/show-hint.js?v=4.9.2 HTTP/1.1" 200 17378
::1 - - [31/May/2020:19:34:40 +0300] "GET /phpmyadmin/js/vendor/codemirror/addon/hint/sql-hint.js?v=4.9.2 HTTP/1.1" 200 9599
::1 - - [31/May/2020:19:34:40 +0300] "GET /phpmyadmin/js/vendor/codemirror/addon/lint/lint.js?v=4.9.2 HTTP/1.1" 200 8610
::1 - - [31/May/2020:19:34:40 +0300] "GET /phpmyadmin/js/codemirror/addon/lint/sql-lint.js?v=4.9.2 HTTP/1.1" 200 1048
::1 - - [31/May/2020:19:34:40 +0300] "GET /phpmyadmin/js/console.js?v=4.9.2 HTTP/1.1" 200 57280
::1 - - [31/May/2020:19:34:40 +0300] "GET /phpmyadmin/js/messages.php?l=ru&v=4.9.2&lang=ru HTTP/1.1" 200 11697
::1 - - [31/May/2020:19:34:40 +0300] "GET /phpmyadmin/phpmyadmin.css.php?nocache=4688570625ltr&server=1 HTTP/1.1" 200 20802
::1 - - [31/May/2020:19:34:40 +0300] "GET /phpmyadmin/themes/pmahomme/img/logo_right.png HTTP/1.1" 200 4306
::1 - - [31/May/2020:19:34:40 +0300] "GET /phpmyadmin/themes/dot.gif HTTP/1.1" 200 43
::1 - - [31/May/2020:19:34:40 +0300] "GET /phpmyadmin/themes/pmahomme/css/printview.css?v=4.9.2 HTTP/1.1" 200 2746
::1 - - [31/May/2020:19:34:40 +0300] "GET /phpmyadmin/js/whitelist.php?v=4.9.2&lang=ru HTTP/1.1" 200 491
::1 - - [31/May/2020:19:34:40 +0300] "GET /phpmyadmin/themes/pmahomme/img/b_help.png HTTP/1.1" 200 705
::1 - - [31/May/2020:19:34:41 +0300] "GET /phpmyadmin/favicon.ico HTTP/1.1" 200 22486
::1 - - [31/May/2020:19:34:43 +0300] "POST /phpmyadmin/index.php HTTP/1.1" 302 20
::1 - - [31/May/2020:19:34:43 +0300] "GET /phpmyadmin/index.php HTTP/1.1" 200 16096
::1 - - [31/May/2020:19:34:43 +0300] "GET /phpmyadmin/js/messages.php?l=ru&v=4.9.2 HTTP/1.1" 200 11697
::1 - - [31/May/2020:19:34:43 +0300] "GET /phpmyadmin/phpmyadmin.css.php?nocache=6279513508ltr&server=1 HTTP/1.1" 200 20802
::1 - - [31/May/2020:19:34:43 +0300] "GET /phpmyadmin/themes/pmahomme/img/logo_left.png HTTP/1.1" 200 2713
::1 - - [31/May/2020:19:34:43 +0300] "GET /phpmyadmin/js/whitelist.php?v=4.9.2 HTTP/1.1" 200 491
::1 - - [31/May/2020:19:34:43 +0300] "GET /phpmyadmin/themes/pmahomme/img/left_nav_bg.png HTTP/1.1" 200 146
::1 - - [31/May/2020:19:34:43 +0300] "GET /phpmyadmin/themes/pmahomme/img/s_loggoff.png HTTP/1.1" 200 626
::1 - - [31/May/2020:19:34:43 +0300] "GET /phpmyadmin/themes/pmahomme/img/b_home.png HTTP/1.1" 200 734
::1 - - [31/May/2020:19:34:43 +0300] "GET /phpmyadmin/themes/pmahomme/img/b_sqlhelp.png HTTP/1.1" 200 512
::1 - - [31/May/2020:19:34:43 +0300] "GET /phpmyadmin/themes/pmahomme/img/b_docs.png HTTP/1.1" 200 705
::1 - - [31/May/2020:19:34:43 +0300] "GET /phpmyadmin/themes/pmahomme/img/s_cog.png HTTP/1.1" 200 442
::1 - - [31/May/2020:19:34:43 +0300] "GET /phpmyadmin/themes/pmahomme/img/s_reload.png HTTP/1.1" 200 527
::1 - - [31/May/2020:19:34:43 +0300] "GET /phpmyadmin/themes/pmahomme/img/s_link.png HTTP/1.1" 200 280
::1 - - [31/May/2020:19:34:43 +0300] "GET /phpmyadmin/themes/pmahomme/img/b_plus.png HTTP/1.1" 200 143
::1 - - [31/May/2020:19:34:43 +0300] "GET /phpmyadmin/themes/pmahomme/img/b_newdb.png HTTP/1.1" 200 585
::1 - - [31/May/2020:19:34:43 +0300] "GET /phpmyadmin/themes/pmahomme/img/s_db.png HTTP/1.1" 200 328
::1 - - [31/May/2020:19:34:43 +0300] "GET /phpmyadmin/themes/pmahomme/img/ajax_clock_small.gif HTTP/1.1" 200 1810
::1 - - [31/May/2020:19:34:43 +0300] "GET /phpmyadmin/themes/pmahomme/img/s_status.png HTTP/1.1" 200 600
::1 - - [31/May/2020:19:34:43 +0300] "GET /phpmyadmin/themes/pmahomme/img/b_sql.png HTTP/1.1" 200 680
::1 - - [31/May/2020:19:34:43 +0300] "GET /phpmyadmin/themes/pmahomme/img/s_host.png HTTP/1.1" 200 591
::1 - - [31/May/2020:19:34:43 +0300] "GET /phpmyadmin/themes/pmahomme/img/b_export.png HTTP/1.1" 200 514
::1 - - [31/May/2020:19:34:43 +0300] "GET /phpmyadmin/themes/pmahomme/img/s_rights.png HTTP/1.1" 200 461
::1 - - [31/May/2020:19:34:43 +0300] "GET /phpmyadmin/themes/pmahomme/img/b_import.png HTTP/1.1" 200 556
::1 - - [31/May/2020:19:34:43 +0300] "GET /phpmyadmin/themes/pmahomme/img/b_tblops.png HTTP/1.1" 200 537
::1 - - [31/May/2020:19:34:43 +0300] "GET /phpmyadmin/themes/pmahomme/img/s_replication.png HTTP/1.1" 200 399
::1 - - [31/May/2020:19:34:43 +0300] "GET /phpmyadmin/themes/pmahomme/img/s_vars.png HTTP/1.1" 200 523
::1 - - [31/May/2020:19:34:43 +0300] "GET /phpmyadmin/themes/pmahomme/img/s_asci.png HTTP/1.1" 200 148
::1 - - [31/May/2020:19:34:43 +0300] "GET /phpmyadmin/themes/pmahomme/img/b_plugin.png HTTP/1.1" 200 512
::1 - - [31/May/2020:19:34:43 +0300] "GET /phpmyadmin/themes/pmahomme/img/b_engine.png HTTP/1.1" 200 398
::1 - - [31/May/2020:19:34:43 +0300] "GET /phpmyadmin/themes/pmahomme/img/s_top.png HTTP/1.1" 200 220
::1 - - [31/May/2020:19:34:43 +0300] "GET /phpmyadmin/themes/pmahomme/img/console.png HTTP/1.1" 200 292
::1 - - [31/May/2020:19:34:43 +0300] "GET /phpmyadmin/themes/pmahomme/img/s_passwd.png HTTP/1.1" 200 331
::1 - - [31/May/2020:19:34:43 +0300] "GET /phpmyadmin/themes/pmahomme/img/s_lang.png HTTP/1.1" 200 659
::1 - - [31/May/2020:19:34:43 +0300] "GET /phpmyadmin/themes/pmahomme/img/window-new.png HTTP/1.1" 200 468
::1 - - [31/May/2020:19:34:43 +0300] "GET /phpmyadmin/themes/pmahomme/img/s_theme.png HTTP/1.1" 200 772
::1 - - [31/May/2020:19:34:43 +0300] "POST /phpmyadmin/ajax.php HTTP/1.1" 200 1605
::1 - - [31/May/2020:19:34:43 +0300] "GET /phpmyadmin/themes/pmahomme/img/b_more.png HTTP/1.1" 200 111
::1 - - [31/May/2020:19:34:43 +0300] "POST /phpmyadmin/navigation.php?ajax_request=1 HTTP/1.1" 200 2443
::1 - - [31/May/2020:19:34:43 +0300] "POST /phpmyadmin/ajax.php HTTP/1.1" 200 1699
::1 - - [31/May/2020:19:34:43 +0300] "POST /phpmyadmin/ajax.php HTTP/1.1" 200 1595
::1 - - [31/May/2020:19:34:43 +0300] "POST /phpmyadmin/version_check.php HTTP/1.1" 200 28
::1 - - [31/May/2020:19:34:45 +0300] "GET /phpmyadmin/server_databases.php?server=1&ajax_request=true&ajax_page_request=true&_nocache=159094288576081811&token=685f2f7430267d255b2272425a70553a HTTP/1.1" 200 8464
::1 - - [31/May/2020:19:34:46 +0300] "GET /phpmyadmin/themes/pmahomme/img/s_asc.png HTTP/1.1" 200 146
::1 - - [31/May/2020:19:34:46 +0300] "GET /phpmyadmin/themes/pmahomme/img/b_deltbl.png HTTP/1.1" 200 577
::1 - - [31/May/2020:19:34:46 +0300] "GET /phpmyadmin/themes/pmahomme/img/s_notice.png HTTP/1.1" 200 567
::1 - - [31/May/2020:19:34:46 +0300] "GET /phpmyadmin/themes/pmahomme/img/arrow_ltr.png HTTP/1.1" 200 101
::1 - - [31/May/2020:19:34:46 +0300] "GET /phpmyadmin/js/server_databases.js?v=4.9.2 HTTP/1.1" 200 5692
::1 - - [31/May/2020:19:34:49 +0300] "GET /phpmyadmin/navigation.php?ajax_request=1&aPath=cm9vdA%3D%3D.dGVzdA%3D%3D&vPath=cm9vdA%3D%3D.dGVzdA%3D%3D&pos=0&pos2_name=&pos2_value=&searchClause=&searchClause2=&_nocache=1590942889305668117&token=685f2f7430267d255b2272425a70553a HTTP/1.1" 200 1616
::1 - - [31/May/2020:19:34:49 +0300] "GET /phpmyadmin/themes/pmahomme/img/b_minus.png HTTP/1.1" 200 123
::1 - - [31/May/2020:19:35:17 +0300] "POST /phpmyadmin/server_databases.php HTTP/1.1" 200 2030
::1 - - [31/May/2020:19:35:17 +0300] "GET /phpmyadmin/themes/pmahomme/img/s_success.png HTTP/1.1" 200 465
::1 - - [31/May/2020:19:35:17 +0300] "POST /phpmyadmin/navigation.php?ajax_request=1 HTTP/1.1" 200 2482
::1 - - [31/May/2020:19:35:17 +0300] "GET /phpmyadmin/db_structure.php?db=users2&ajax_request=true&ajax_page_request=true&_nocache=1590942917766311955&token=685f2f7430267d255b2272425a70553a HTTP/1.1" 200 3265
::1 - - [31/May/2020:19:35:17 +0300] "GET /phpmyadmin/themes/pmahomme/img/b_search.png HTTP/1.1" 200 538
::1 - - [31/May/2020:19:35:17 +0300] "GET /phpmyadmin/themes/pmahomme/img/b_triggers.png HTTP/1.1" 200 446
::1 - - [31/May/2020:19:35:17 +0300] "GET /phpmyadmin/themes/pmahomme/img/b_props.png HTTP/1.1" 200 573
::1 - - [31/May/2020:19:35:17 +0300] "GET /phpmyadmin/themes/pmahomme/img/b_routines.png HTTP/1.1" 200 306
::1 - - [31/May/2020:19:35:17 +0300] "GET /phpmyadmin/themes/pmahomme/img/b_relations.png HTTP/1.1" 200 140
::1 - - [31/May/2020:19:35:17 +0300] "GET /phpmyadmin/themes/pmahomme/img/b_events.png HTTP/1.1" 200 703
::1 - - [31/May/2020:19:35:17 +0300] "GET /phpmyadmin/themes/pmahomme/img/b_table_add.png HTTP/1.1" 200 571
::1 - - [31/May/2020:19:35:17 +0300] "GET /phpmyadmin/js/db_structure.js?v=4.9.2 HTTP/1.1" 200 15803
::1 - - [31/May/2020:19:35:17 +0300] "GET /phpmyadmin/js/tbl_change.js?v=4.9.2 HTTP/1.1" 200 28561
::1 - - [31/May/2020:19:35:17 +0300] "GET /phpmyadmin/navigation.php?ajax_request=1&aPath=cm9vdA%3D%3D.dXNlcnMy&vPath=cm9vdA%3D%3D.dXNlcnMy&pos=0&pos2_name=&pos2_value=&searchClause=&searchClause2=&_nocache=1590942917962981909&token=685f2f7430267d255b2272425a70553a HTTP/1.1" 200 1616
::1 - - [31/May/2020:19:35:23 +0300] "GET /phpmyadmin/db_structure.php?server=1&db=users2&ajax_request=true&ajax_page_request=true&_nocache=1590942923061899212&token=685f2f7430267d255b2272425a70553a HTTP/1.1" 200 3266
::1 - - [31/May/2020:19:35:24 +0300] "GET /phpmyadmin/db_import.php?db=users2&ajax_request=true&ajax_page_request=true&_nocache=1590942924853746011&token=685f2f7430267d255b2272425a70553a HTTP/1.1" 200 8170
::1 - - [31/May/2020:19:35:25 +0300] "GET /phpmyadmin/js/import.js?v=4.9.2 HTTP/1.1" 200 5640
::1 - - [31/May/2020:19:35:33 +0300] "POST /phpmyadmin/import.php HTTP/1.1" 200 10986
::1 - - [31/May/2020:19:35:34 +0300] "POST /phpmyadmin/ajax.php HTTP/1.1" 200 1607
::1 - - [31/May/2020:19:35:34 +0300] "POST /phpmyadmin/navigation.php?ajax_request=1 HTTP/1.1" 200 2704
::1 - - [31/May/2020:19:35:34 +0300] "POST /phpmyadmin/ajax.php HTTP/1.1" 200 1704
::1 - - [31/May/2020:19:35:34 +0300] "POST /phpmyadmin/ajax.php HTTP/1.1" 200 1598
::1 - - [31/May/2020:19:35:36 +0300] "GET /phpmyadmin/sql.php?server=1&db=users2&table=test&pos=0&ajax_request=true&ajax_page_request=true&_nocache=1590942936130951623&token=685f2f7430267d255b2272425a70553a HTTP/1.1" 200 9623
::1 - - [31/May/2020:19:35:36 +0300] "GET /phpmyadmin/themes/pmahomme/img/b_browse.png HTTP/1.1" 200 486
::1 - - [31/May/2020:19:35:36 +0300] "GET /phpmyadmin/themes/pmahomme/img/b_insrow.png HTTP/1.1" 200 157
::1 - - [31/May/2020:19:35:36 +0300] "GET /phpmyadmin/themes/pmahomme/img/b_tblimport.png HTTP/1.1" 200 556
::1 - - [31/May/2020:19:35:36 +0300] "GET /phpmyadmin/themes/pmahomme/img/s_tbl.png HTTP/1.1" 200 645
::1 - - [31/May/2020:19:35:36 +0300] "GET /phpmyadmin/themes/pmahomme/img/b_tblexport.png HTTP/1.1" 200 514
::1 - - [31/May/2020:19:35:36 +0300] "GET /phpmyadmin/themes/pmahomme/img/b_edit.png HTTP/1.1" 200 377
::1 - - [31/May/2020:19:35:36 +0300] "GET /phpmyadmin/themes/pmahomme/img/b_drop.png HTTP/1.1" 200 637
::1 - - [31/May/2020:19:35:36 +0300] "GET /phpmyadmin/themes/pmahomme/img/b_print.png HTTP/1.1" 200 639
::1 - - [31/May/2020:19:35:36 +0300] "GET /phpmyadmin/themes/pmahomme/img/b_chart.png HTTP/1.1" 200 449
::1 - - [31/May/2020:19:35:36 +0300] "GET /phpmyadmin/themes/pmahomme/img/b_view_add.png HTTP/1.1" 200 678
::1 - - [31/May/2020:19:35:36 +0300] "GET /phpmyadmin/js/vendor/jquery/jquery.uitablefilter.js?v=4.9.2 HTTP/1.1" 200 3479
::1 - - [31/May/2020:19:35:36 +0300] "GET /phpmyadmin/js/multi_column_sort.js?v=4.9.2 HTTP/1.1" 200 3285
::1 - - [31/May/2020:19:35:36 +0300] "GET /phpmyadmin/themes/pmahomme/img/s_fulltext.png HTTP/1.1" 200 176
::1 - - [31/May/2020:19:35:36 +0300] "GET /phpmyadmin/js/gis_data_editor.js?v=4.9.2 HTTP/1.1" 200 14771
::1 - - [31/May/2020:19:35:36 +0300] "GET /phpmyadmin/js/makegrid.js?v=4.9.2 HTTP/1.1" 200 98729
::1 - - [31/May/2020:19:35:36 +0300] "GET /phpmyadmin/index.php?ajax_request=1&recent_table=1&no_debug=true&_nocache=1590942936447404940&token=685f2f7430267d255b2272425a70553a HTTP/1.1" 200 1653
::1 - - [31/May/2020:19:35:36 +0300] "GET /phpmyadmin/js/sql.js?v=4.9.2 HTTP/1.1" 200 38664
::1 - - [31/May/2020:19:35:36 +0300] "GET /phpmyadmin/themes/pmahomme/img/col_pointer.png HTTP/1.1" 200 102
::1 - - [31/May/2020:19:35:36 +0300] "GET /phpmyadmin/themes/pmahomme/img/col_drop.png HTTP/1.1" 200 111
::1 - - [31/May/2020:19:35:45 +0300] "GET / HTTP/1.1" 200 5528
::1 - - [31/May/2020:19:35:52 +0300] "GET /add_vhost.php?lang=english HTTP/1.1" 200 4964
::1 - - [31/May/2020:19:35:52 +0300] "GET /img/pngWrench.png HTTP/1.1" 404 281
::1 - - [31/May/2020:19:35:52 +0300] "GET /img/gifLogo.gif HTTP/1.1" 404 281
::1 - - [31/May/2020:19:36:05 +0300] "POST /add_vhost.php?lang=english HTTP/1.1" 200 3748
::1 - - [31/May/2020:19:36:08 +0300] "GET /img/gifLogo.gif HTTP/1.1" 404 281
::1 - - [31/May/2020:19:36:28 +0300] "GET / HTTP/1.1" 200 5569
::1 - - [31/May/2020:19:36:30 +0300] "GET / HTTP/1.1" 302 1855
::1 - - [31/May/2020:19:36:30 +0300] "GET /login.php HTTP/1.1" 200 1640
::1 - - [31/May/2020:19:36:30 +0300] "GET /assets/style.css HTTP/1.1" 200 389
::1 - - [31/May/2020:19:36:30 +0300] "GET /assets/logo.jpg HTTP/1.1" 200 147519
::1 - - [31/May/2020:19:36:30 +0300] "GET /favicon.ico HTTP/1.1" 404 277
